{"/Users/filipjovkovic/Apps/chat/expo-env.d.ts": {"path":"/Users/filipjovkovic/Apps/chat/expo-env.d.ts","statementMap":{},"fnMap":{},"branchMap":{},"s":{},"f":{},"b":{}}
,"/Users/filipjovkovic/Apps/chat/.expo/types/router.d.ts": {"path":"/Users/filipjovkovic/Apps/chat/.expo/types/router.d.ts","statementMap":{},"fnMap":{},"branchMap":{},"s":{},"f":{},"b":{}}
,"/Users/filipjovkovic/Apps/chat/app/_layout.tsx": {"path":"/Users/filipjovkovic/Apps/chat/app/_layout.tsx","statementMap":{"0":{"start":{"line":12,"column":0},"end":{"line":12,"column":36}},"1":{"start":{"line":15,"column":2},"end":{"line":23,"column":9}},"2":{"start":{"line":17,"column":23},"end":{"line":20,"column":5}},"3":{"start":{"line":18,"column":6},"end":{"line":18,"column":64}},"4":{"start":{"line":18,"column":37},"end":{"line":18,"column":62}},"5":{"start":{"line":19,"column":6},"end":{"line":19,"column":37}},"6":{"start":{"line":22,"column":4},"end":{"line":22,"column":17}},"7":{"start":{"line":25,"column":2},"end":{"line":75,"column":4}},"8":{"start":{"line":60,"column":37},"end":{"line":62,"column":13}}},"fnMap":{"0":{"name":"RootLayout","decl":{"start":{"line":14,"column":24},"end":{"line":14,"column":34}},"loc":{"start":{"line":14,"column":37},"end":{"line":76,"column":1}},"line":14},"1":{"name":"(anonymous_1)","decl":{"start":{"line":15,"column":12},"end":{"line":15,"column":13}},"loc":{"start":{"line":15,"column":18},"end":{"line":23,"column":3}},"line":15},"2":{"name":"(anonymous_2)","decl":{"start":{"line":17,"column":23},"end":{"line":17,"column":24}},"loc":{"start":{"line":17,"column":35},"end":{"line":20,"column":5}},"line":17},"3":{"name":"(anonymous_3)","decl":{"start":{"line":18,"column":24},"end":{"line":18,"column":25}},"loc":{"start":{"line":18,"column":37},"end":{"line":18,"column":62}},"line":18},"4":{"name":"(anonymous_4)","decl":{"start":{"line":60,"column":21},"end":{"line":60,"column":22}},"loc":{"start":{"line":60,"column":37},"end":{"line":62,"column":13}},"line":60}},"branchMap":{"0":{"loc":{"start":{"line":61,"column":21},"end":{"line":61,"column":72}},"type":"binary-expr","locations":[{"start":{"line":61,"column":21},"end":{"line":61,"column":62}},{"start":{"line":61,"column":66},"end":{"line":61,"column":72}}],"line":61}},"s":{"0":0,"1":0,"2":0,"3":0,"4":0,"5":0,"6":0,"7":0,"8":0},"f":{"0":0,"1":0,"2":0,"3":0,"4":0},"b":{"0":[0,0]}}
,"/Users/filipjovkovic/Apps/chat/app/create-chat.tsx": {"path":"/Users/filipjovkovic/Apps/chat/app/create-chat.tsx","statementMap":{"0":{"start":{"line":20,"column":34},"end":{"line":20,"column":54}},"1":{"start":{"line":21,"column":38},"end":{"line":21,"column":62}},"2":{"start":{"line":22,"column":30},"end":{"line":22,"column":39}},"3":{"start":{"line":25,"column":25},"end":{"line":25,"column":66}},"4":{"start":{"line":26,"column":23},"end":{"line":26,"column":62}},"5":{"start":{"line":28,"column":27},"end":{"line":53,"column":3}},"6":{"start":{"line":29,"column":4},"end":{"line":29,"column":42}},"7":{"start":{"line":29,"column":35},"end":{"line":29,"column":42}},"8":{"start":{"line":31,"column":4},"end":{"line":31,"column":24}},"9":{"start":{"line":32,"column":4},"end":{"line":52,"column":5}},"10":{"start":{"line":33,"column":26},"end":{"line":36,"column":8}},"11":{"start":{"line":38,"column":6},"end":{"line":41,"column":9}},"12":{"start":{"line":43,"column":6},"end":{"line":46,"column":9}},"13":{"start":{"line":48,"column":6},"end":{"line":48,"column":56}},"14":{"start":{"line":49,"column":6},"end":{"line":49,"column":42}},"15":{"start":{"line":51,"column":6},"end":{"line":51,"column":27}},"16":{"start":{"line":55,"column":2},"end":{"line":62,"column":3}},"17":{"start":{"line":56,"column":4},"end":{"line":61,"column":6}},"18":{"start":{"line":64,"column":2},"end":{"line":108,"column":4}},"19":{"start":{"line":72,"column":23},"end":{"line":72,"column":36}},"20":{"start":{"line":111,"column":15},"end":{"line":166,"column":2}}},"fnMap":{"0":{"name":"CreateChatScreen","decl":{"start":{"line":19,"column":24},"end":{"line":19,"column":40}},"loc":{"start":{"line":19,"column":43},"end":{"line":109,"column":1}},"line":19},"1":{"name":"(anonymous_1)","decl":{"start":{"line":28,"column":27},"end":{"line":28,"column":28}},"loc":{"start":{"line":28,"column":39},"end":{"line":53,"column":3}},"line":28},"2":{"name":"(anonymous_2)","decl":{"start":{"line":72,"column":17},"end":{"line":72,"column":18}},"loc":{"start":{"line":72,"column":23},"end":{"line":72,"column":36}},"line":72}},"branchMap":{"0":{"loc":{"start":{"line":29,"column":4},"end":{"line":29,"column":42}},"type":"if","locations":[{"start":{"line":29,"column":4},"end":{"line":29,"column":42}},{"start":{},"end":{}}],"line":29},"1":{"loc":{"start":{"line":29,"column":8},"end":{"line":29,"column":33}},"type":"binary-expr","locations":[{"start":{"line":29,"column":8},"end":{"line":29,"column":24}},{"start":{"line":29,"column":28},"end":{"line":29,"column":33}}],"line":29},"2":{"loc":{"start":{"line":55,"column":2},"end":{"line":62,"column":3}},"type":"if","locations":[{"start":{"line":55,"column":2},"end":{"line":62,"column":3}},{"start":{},"end":{}}],"line":55},"3":{"loc":{"start":{"line":55,"column":6},"end":{"line":55,"column":24}},"type":"binary-expr","locations":[{"start":{"line":55,"column":6},"end":{"line":55,"column":15}},{"start":{"line":55,"column":19},"end":{"line":55,"column":24}}],"line":55},"4":{"loc":{"start":{"line":67,"column":16},"end":{"line":67,"column":61}},"type":"cond-expr","locations":[{"start":{"line":67,"column":40},"end":{"line":67,"column":49}},{"start":{"line":67,"column":52},"end":{"line":67,"column":61}}],"line":67},"5":{"loc":{"start":{"line":92,"column":40},"end":{"line":92,"column":70}},"type":"binary-expr","locations":[{"start":{"line":92,"column":40},"end":{"line":92,"column":56}},{"start":{"line":92,"column":60},"end":{"line":92,"column":70}}],"line":92},"6":{"loc":{"start":{"line":95,"column":12},"end":{"line":95,"column":75}},"type":"binary-expr","locations":[{"start":{"line":95,"column":13},"end":{"line":95,"column":29}},{"start":{"line":95,"column":33},"end":{"line":95,"column":43}},{"start":{"line":95,"column":48},"end":{"line":95,"column":75}}],"line":95},"7":{"loc":{"start":{"line":98,"column":20},"end":{"line":98,"column":50}},"type":"binary-expr","locations":[{"start":{"line":98,"column":20},"end":{"line":98,"column":36}},{"start":{"line":98,"column":40},"end":{"line":98,"column":50}}],"line":98},"8":{"loc":{"start":{"line":100,"column":11},"end":{"line":104,"column":11}},"type":"cond-expr","locations":[{"start":{"line":101,"column":12},"end":{"line":101,"column":60}},{"start":{"line":103,"column":12},"end":{"line":103,"column":73}}],"line":100}},"s":{"0":12,"1":12,"2":12,"3":12,"4":12,"5":12,"6":1,"7":0,"8":1,"9":1,"10":1,"11":1,"12":1,"13":0,"14":0,"15":1,"16":12,"17":1,"18":11,"19":1,"20":1},"f":{"0":12,"1":1,"2":1},"b":{"0":[0,1],"1":[1,1],"2":[1,11],"3":[12,11],"4":[11,0],"5":[11,5],"6":[11,5,7],"7":[11,5],"8":[1,10]},"_coverageSchema":"1a1c01bbd47fc00a2c39e90264f33305004495a9","hash":"e75976d0f5f70be80515562220941b387b0ba637"}
,"/Users/filipjovkovic/Apps/chat/app/index.tsx": {"path":"/Users/filipjovkovic/Apps/chat/app/index.tsx","statementMap":{"0":{"start":{"line":14,"column":30},"end":{"line":14,"column":39}},"1":{"start":{"line":15,"column":2},"end":{"line":15,"column":18}},"2":{"start":{"line":16,"column":20},"end":{"line":16,"column":59}},"3":{"start":{"line":17,"column":19},"end":{"line":17,"column":58}},"4":{"start":{"line":18,"column":18},"end":{"line":21,"column":3}},"5":{"start":{"line":23,"column":23},"end":{"line":25,"column":3}},"6":{"start":{"line":24,"column":4},"end":{"line":24,"column":60}},"7":{"start":{"line":24,"column":35},"end":{"line":24,"column":58}},"8":{"start":{"line":27,"column":21},"end":{"line":42,"column":3}},"9":{"start":{"line":28,"column":4},"end":{"line":28,"column":22}},"10":{"start":{"line":28,"column":15},"end":{"line":28,"column":22}},"11":{"start":{"line":29,"column":4},"end":{"line":41,"column":5}},"12":{"start":{"line":30,"column":18},"end":{"line":33,"column":8}},"13":{"start":{"line":35,"column":6},"end":{"line":37,"column":7}},"14":{"start":{"line":36,"column":8},"end":{"line":36,"column":48}},"15":{"start":{"line":38,"column":6},"end":{"line":38,"column":80}},"16":{"start":{"line":40,"column":6},"end":{"line":40,"column":43}},"17":{"start":{"line":44,"column":25},"end":{"line":63,"column":3}},"18":{"start":{"line":45,"column":19},"end":{"line":45,"column":41}},"19":{"start":{"line":46,"column":4},"end":{"line":62,"column":6}},"20":{"start":{"line":50,"column":10},"end":{"line":51,"column":41}},"21":{"start":{"line":65,"column":2},"end":{"line":72,"column":3}},"22":{"start":{"line":66,"column":4},"end":{"line":71,"column":6}},"23":{"start":{"line":74,"column":2},"end":{"line":95,"column":4}},"24":{"start":{"line":77,"column":41},"end":{"line":77,"column":64}},"25":{"start":{"line":87,"column":32},"end":{"line":87,"column":40}},"26":{"start":{"line":90,"column":67},"end":{"line":90,"column":94}},"27":{"start":{"line":98,"column":15},"end":{"line":195,"column":2}}},"fnMap":{"0":{"name":"ChatRoomsScreen","decl":{"start":{"line":13,"column":24},"end":{"line":13,"column":39}},"loc":{"start":{"line":13,"column":42},"end":{"line":96,"column":1}},"line":13},"1":{"name":"(anonymous_1)","decl":{"start":{"line":23,"column":23},"end":{"line":23,"column":24}},"loc":{"start":{"line":23,"column":47},"end":{"line":25,"column":3}},"line":23},"2":{"name":"(anonymous_2)","decl":{"start":{"line":24,"column":25},"end":{"line":24,"column":26}},"loc":{"start":{"line":24,"column":35},"end":{"line":24,"column":58}},"line":24},"3":{"name":"(anonymous_3)","decl":{"start":{"line":27,"column":21},"end":{"line":27,"column":22}},"loc":{"start":{"line":27,"column":65},"end":{"line":42,"column":3}},"line":27},"4":{"name":"(anonymous_4)","decl":{"start":{"line":44,"column":25},"end":{"line":44,"column":26}},"loc":{"start":{"line":44,"column":59},"end":{"line":63,"column":3}},"line":44},"5":{"name":"(anonymous_5)","decl":{"start":{"line":49,"column":17},"end":{"line":49,"column":18}},"loc":{"start":{"line":50,"column":10},"end":{"line":51,"column":41}},"line":50},"6":{"name":"(anonymous_6)","decl":{"start":{"line":77,"column":35},"end":{"line":77,"column":36}},"loc":{"start":{"line":77,"column":41},"end":{"line":77,"column":64}},"line":77},"7":{"name":"(anonymous_7)","decl":{"start":{"line":87,"column":22},"end":{"line":87,"column":23}},"loc":{"start":{"line":87,"column":32},"end":{"line":87,"column":40}},"line":87},"8":{"name":"(anonymous_8)","decl":{"start":{"line":90,"column":61},"end":{"line":90,"column":62}},"loc":{"start":{"line":90,"column":67},"end":{"line":90,"column":94}},"line":90}},"branchMap":{"0":{"loc":{"start":{"line":20,"column":4},"end":{"line":20,"column":43}},"type":"cond-expr","locations":[{"start":{"line":20,"column":11},"end":{"line":20,"column":34}},{"start":{"line":20,"column":37},"end":{"line":20,"column":43}}],"line":20},"1":{"loc":{"start":{"line":28,"column":4},"end":{"line":28,"column":22}},"type":"if","locations":[{"start":{"line":28,"column":4},"end":{"line":28,"column":22}},{"start":{},"end":{}}],"line":28},"2":{"loc":{"start":{"line":35,"column":6},"end":{"line":37,"column":7}},"type":"if","locations":[{"start":{"line":35,"column":6},"end":{"line":37,"column":7}},{"start":{},"end":{}}],"line":35},"3":{"loc":{"start":{"line":50,"column":10},"end":{"line":51,"column":41}},"type":"cond-expr","locations":[{"start":{"line":50,"column":19},"end":{"line":50,"column":101}},{"start":{"line":51,"column":10},"end":{"line":51,"column":41}}],"line":50},"4":{"loc":{"start":{"line":56,"column":26},"end":{"line":56,"column":71}},"type":"cond-expr","locations":[{"start":{"line":56,"column":35},"end":{"line":56,"column":52}},{"start":{"line":56,"column":55},"end":{"line":56,"column":71}}],"line":56},"5":{"loc":{"start":{"line":65,"column":2},"end":{"line":72,"column":3}},"type":"if","locations":[{"start":{"line":65,"column":2},"end":{"line":72,"column":3}},{"start":{},"end":{}}],"line":65},"6":{"loc":{"start":{"line":65,"column":6},"end":{"line":65,"column":38}},"type":"binary-expr","locations":[{"start":{"line":65,"column":6},"end":{"line":65,"column":15}},{"start":{"line":65,"column":19},"end":{"line":65,"column":24}},{"start":{"line":65,"column":28},"end":{"line":65,"column":38}}],"line":65}},"s":{"0":1,"1":1,"2":1,"3":1,"4":1,"5":1,"6":0,"7":0,"8":1,"9":0,"10":0,"11":0,"12":0,"13":0,"14":0,"15":0,"16":0,"17":1,"18":0,"19":0,"20":0,"21":1,"22":1,"23":0,"24":0,"25":0,"26":0,"27":1},"f":{"0":1,"1":0,"2":0,"3":0,"4":0,"5":0,"6":0,"7":0,"8":0},"b":{"0":[0,1],"1":[0,0],"2":[0,0],"3":[0,0],"4":[0,0],"5":[1,0],"6":[1,0,0]},"_coverageSchema":"1a1c01bbd47fc00a2c39e90264f33305004495a9","hash":"a9e52d8c2df5f7e86d756973cc19f913ef7ec2dc"}
,"/Users/filipjovkovic/Apps/chat/app/scan-qr.tsx": {"path":"/Users/filipjovkovic/Apps/chat/app/scan-qr.tsx","statementMap":{"0":{"start":{"line":18,"column":44},"end":{"line":18,"column":74}},"1":{"start":{"line":19,"column":32},"end":{"line":19,"column":47}},"2":{"start":{"line":20,"column":20},"end":{"line":20,"column":47}},"3":{"start":{"line":21,"column":17},"end":{"line":21,"column":28}},"4":{"start":{"line":22,"column":24},"end":{"line":22,"column":70}},"5":{"start":{"line":24,"column":2},"end":{"line":31,"column":9}},"6":{"start":{"line":25,"column":33},"end":{"line":28,"column":5}},"7":{"start":{"line":26,"column":25},"end":{"line":26,"column":69}},"8":{"start":{"line":27,"column":6},"end":{"line":27,"column":45}},"9":{"start":{"line":30,"column":4},"end":{"line":30,"column":27}},"10":{"start":{"line":33,"column":31},"end":{"line":60,"column":3}},"11":{"start":{"line":34,"column":4},"end":{"line":34,"column":24}},"12":{"start":{"line":34,"column":17},"end":{"line":34,"column":24}},"13":{"start":{"line":36,"column":4},"end":{"line":36,"column":21}},"14":{"start":{"line":38,"column":4},"end":{"line":59,"column":5}},"15":{"start":{"line":40,"column":23},"end":{"line":40,"column":38}},"16":{"start":{"line":41,"column":30},"end":{"line":41,"column":59}},"17":{"start":{"line":44,"column":21},"end":{"line":46,"column":8}},"18":{"start":{"line":48,"column":6},"end":{"line":54,"column":7}},"19":{"start":{"line":50,"column":8},"end":{"line":50,"column":48}},"20":{"start":{"line":52,"column":8},"end":{"line":52,"column":60}},"21":{"start":{"line":53,"column":8},"end":{"line":53,"column":26}},"22":{"start":{"line":56,"column":6},"end":{"line":56,"column":56}},"23":{"start":{"line":57,"column":6},"end":{"line":57,"column":41}},"24":{"start":{"line":58,"column":6},"end":{"line":58,"column":24}},"25":{"start":{"line":62,"column":2},"end":{"line":64,"column":3}},"26":{"start":{"line":63,"column":4},"end":{"line":63,"column":80}},"27":{"start":{"line":66,"column":2},"end":{"line":68,"column":3}},"28":{"start":{"line":67,"column":4},"end":{"line":67,"column":68}},"29":{"start":{"line":70,"column":2},"end":{"line":109,"column":4}},"30":{"start":{"line":93,"column":25},"end":{"line":93,"column":38}},"31":{"start":{"line":103,"column":25},"end":{"line":103,"column":42}},"32":{"start":{"line":112,"column":15},"end":{"line":174,"column":2}}},"fnMap":{"0":{"name":"ScanQRScreen","decl":{"start":{"line":17,"column":24},"end":{"line":17,"column":36}},"loc":{"start":{"line":17,"column":39},"end":{"line":110,"column":1}},"line":17},"1":{"name":"(anonymous_1)","decl":{"start":{"line":24,"column":12},"end":{"line":24,"column":13}},"loc":{"start":{"line":24,"column":18},"end":{"line":31,"column":3}},"line":24},"2":{"name":"(anonymous_2)","decl":{"start":{"line":25,"column":33},"end":{"line":25,"column":34}},"loc":{"start":{"line":25,"column":45},"end":{"line":28,"column":5}},"line":25},"3":{"name":"(anonymous_3)","decl":{"start":{"line":33,"column":31},"end":{"line":33,"column":32}},"loc":{"start":{"line":33,"column":74},"end":{"line":60,"column":3}},"line":33},"4":{"name":"(anonymous_4)","decl":{"start":{"line":93,"column":19},"end":{"line":93,"column":20}},"loc":{"start":{"line":93,"column":25},"end":{"line":93,"column":38}},"line":93},"5":{"name":"(anonymous_5)","decl":{"start":{"line":103,"column":19},"end":{"line":103,"column":20}},"loc":{"start":{"line":103,"column":25},"end":{"line":103,"column":42}},"line":103}},"branchMap":{"0":{"loc":{"start":{"line":34,"column":4},"end":{"line":34,"column":24}},"type":"if","locations":[{"start":{"line":34,"column":4},"end":{"line":34,"column":24}},{"start":{},"end":{}}],"line":34},"1":{"loc":{"start":{"line":48,"column":6},"end":{"line":54,"column":7}},"type":"if","locations":[{"start":{"line":48,"column":6},"end":{"line":54,"column":7}},{"start":{"line":51,"column":13},"end":{"line":54,"column":7}}],"line":48},"2":{"loc":{"start":{"line":62,"column":2},"end":{"line":64,"column":3}},"type":"if","locations":[{"start":{"line":62,"column":2},"end":{"line":64,"column":3}},{"start":{},"end":{}}],"line":62},"3":{"loc":{"start":{"line":66,"column":2},"end":{"line":68,"column":3}},"type":"if","locations":[{"start":{"line":66,"column":2},"end":{"line":68,"column":3}},{"start":{},"end":{}}],"line":66},"4":{"loc":{"start":{"line":100,"column":7},"end":{"line":107,"column":7}},"type":"binary-expr","locations":[{"start":{"line":100,"column":7},"end":{"line":100,"column":14}},{"start":{"line":101,"column":8},"end":{"line":106,"column":27}}],"line":100}},"s":{"0":0,"1":0,"2":0,"3":0,"4":0,"5":0,"6":0,"7":0,"8":0,"9":0,"10":0,"11":0,"12":0,"13":0,"14":0,"15":0,"16":0,"17":0,"18":0,"19":0,"20":0,"21":0,"22":0,"23":0,"24":0,"25":0,"26":0,"27":0,"28":0,"29":0,"30":0,"31":0,"32":0},"f":{"0":0,"1":0,"2":0,"3":0,"4":0,"5":0},"b":{"0":[0,0],"1":[0,0],"2":[0,0],"3":[0,0],"4":[0,0]}}
,"/Users/filipjovkovic/Apps/chat/app/chat/[id].tsx": {"path":"/Users/filipjovkovic/Apps/chat/app/chat/[id].tsx","statementMap":{"0":{"start":{"line":25,"column":23},"end":{"line":25,"column":45}},"1":{"start":{"line":26,"column":32},"end":{"line":26,"column":52}},"2":{"start":{"line":27,"column":22},"end":{"line":27,"column":53}},"3":{"start":{"line":28,"column":43},"end":{"line":28,"column":52}},"4":{"start":{"line":31,"column":19},"end":{"line":34,"column":4}},"5":{"start":{"line":37,"column":22},"end":{"line":37,"column":58}},"6":{"start":{"line":38,"column":23},"end":{"line":38,"column":61}},"7":{"start":{"line":41,"column":2},"end":{"line":45,"column":17}},"8":{"start":{"line":42,"column":4},"end":{"line":44,"column":5}},"9":{"start":{"line":43,"column":6},"end":{"line":43,"column":58}},"10":{"start":{"line":47,"column":28},"end":{"line":63,"column":3}},"11":{"start":{"line":48,"column":4},"end":{"line":48,"column":41}},"12":{"start":{"line":48,"column":34},"end":{"line":48,"column":41}},"13":{"start":{"line":50,"column":4},"end":{"line":62,"column":5}},"14":{"start":{"line":51,"column":6},"end":{"line":56,"column":9}},"15":{"start":{"line":58,"column":6},"end":{"line":58,"column":21}},"16":{"start":{"line":60,"column":6},"end":{"line":60,"column":53}},"17":{"start":{"line":61,"column":6},"end":{"line":61,"column":38}},"18":{"start":{"line":65,"column":24},"end":{"line":95,"column":3}},"19":{"start":{"line":66,"column":25},"end":{"line":66,"column":60}},"20":{"start":{"line":68,"column":4},"end":{"line":94,"column":6}},"21":{"start":{"line":98,"column":2},"end":{"line":105,"column":3}},"22":{"start":{"line":99,"column":4},"end":{"line":104,"column":6}},"23":{"start":{"line":107,"column":2},"end":{"line":164,"column":4}},"24":{"start":{"line":120,"column":36},"end":{"line":120,"column":44}},"25":{"start":{"line":128,"column":14},"end":{"line":130,"column":15}},"26":{"start":{"line":129,"column":16},"end":{"line":129,"column":69}},"27":{"start":{"line":167,"column":15},"end":{"line":276,"column":2}}},"fnMap":{"0":{"name":"ChatRoomScreen","decl":{"start":{"line":24,"column":24},"end":{"line":24,"column":38}},"loc":{"start":{"line":24,"column":41},"end":{"line":165,"column":1}},"line":24},"1":{"name":"(anonymous_1)","decl":{"start":{"line":41,"column":12},"end":{"line":41,"column":13}},"loc":{"start":{"line":41,"column":18},"end":{"line":45,"column":3}},"line":41},"2":{"name":"(anonymous_2)","decl":{"start":{"line":47,"column":28},"end":{"line":47,"column":29}},"loc":{"start":{"line":47,"column":40},"end":{"line":63,"column":3}},"line":47},"3":{"name":"(anonymous_3)","decl":{"start":{"line":65,"column":24},"end":{"line":65,"column":25}},"loc":{"start":{"line":65,"column":57},"end":{"line":95,"column":3}},"line":65},"4":{"name":"(anonymous_4)","decl":{"start":{"line":120,"column":26},"end":{"line":120,"column":27}},"loc":{"start":{"line":120,"column":36},"end":{"line":120,"column":44}},"line":120},"5":{"name":"(anonymous_5)","decl":{"start":{"line":127,"column":22},"end":{"line":127,"column":23}},"loc":{"start":{"line":127,"column":28},"end":{"line":131,"column":13}},"line":127}},"branchMap":{"0":{"loc":{"start":{"line":42,"column":4},"end":{"line":44,"column":5}},"type":"if","locations":[{"start":{"line":42,"column":4},"end":{"line":44,"column":5}},{"start":{},"end":{}}],"line":42},"1":{"loc":{"start":{"line":42,"column":8},"end":{"line":42,"column":62}},"type":"binary-expr","locations":[{"start":{"line":42,"column":8},"end":{"line":42,"column":16}},{"start":{"line":42,"column":20},"end":{"line":42,"column":39}},{"start":{"line":42,"column":43},"end":{"line":42,"column":62}}],"line":42},"2":{"loc":{"start":{"line":48,"column":4},"end":{"line":48,"column":41}},"type":"if","locations":[{"start":{"line":48,"column":4},"end":{"line":48,"column":41}},{"start":{},"end":{}}],"line":48},"3":{"loc":{"start":{"line":48,"column":8},"end":{"line":48,"column":32}},"type":"binary-expr","locations":[{"start":{"line":48,"column":8},"end":{"line":48,"column":23}},{"start":{"line":48,"column":27},"end":{"line":48,"column":32}}],"line":48},"4":{"loc":{"start":{"line":66,"column":25},"end":{"line":66,"column":60}},"type":"binary-expr","locations":[{"start":{"line":66,"column":25},"end":{"line":66,"column":29}},{"start":{"line":66,"column":33},"end":{"line":66,"column":60}}],"line":66},"5":{"loc":{"start":{"line":71,"column":8},"end":{"line":71,"column":80}},"type":"cond-expr","locations":[{"start":{"line":71,"column":23},"end":{"line":71,"column":49}},{"start":{"line":71,"column":52},"end":{"line":71,"column":80}}],"line":71},"6":{"loc":{"start":{"line":75,"column":10},"end":{"line":75,"column":76}},"type":"cond-expr","locations":[{"start":{"line":75,"column":25},"end":{"line":75,"column":48}},{"start":{"line":75,"column":51},"end":{"line":75,"column":76}}],"line":75},"7":{"loc":{"start":{"line":77,"column":11},"end":{"line":79,"column":11}},"type":"binary-expr","locations":[{"start":{"line":77,"column":11},"end":{"line":77,"column":24}},{"start":{"line":78,"column":12},"end":{"line":78,"column":71}}],"line":77},"8":{"loc":{"start":{"line":82,"column":12},"end":{"line":82,"column":74}},"type":"cond-expr","locations":[{"start":{"line":82,"column":27},"end":{"line":82,"column":48}},{"start":{"line":82,"column":51},"end":{"line":82,"column":74}}],"line":82},"9":{"loc":{"start":{"line":98,"column":2},"end":{"line":105,"column":3}},"type":"if","locations":[{"start":{"line":98,"column":2},"end":{"line":105,"column":3}},{"start":{},"end":{}}],"line":98},"10":{"loc":{"start":{"line":98,"column":6},"end":{"line":98,"column":26}},"type":"binary-expr","locations":[{"start":{"line":98,"column":6},"end":{"line":98,"column":17}},{"start":{"line":98,"column":21},"end":{"line":98,"column":26}}],"line":98},"11":{"loc":{"start":{"line":110,"column":16},"end":{"line":110,"column":61}},"type":"cond-expr","locations":[{"start":{"line":110,"column":40},"end":{"line":110,"column":49}},{"start":{"line":110,"column":52},"end":{"line":110,"column":61}}],"line":110},"12":{"loc":{"start":{"line":111,"column":30},"end":{"line":111,"column":60}},"type":"cond-expr","locations":[{"start":{"line":111,"column":54},"end":{"line":111,"column":56}},{"start":{"line":111,"column":59},"end":{"line":111,"column":60}}],"line":111},"13":{"loc":{"start":{"line":115,"column":9},"end":{"line":138,"column":9}},"type":"cond-expr","locations":[{"start":{"line":116,"column":10},"end":{"line":132,"column":12}},{"start":{"line":134,"column":10},"end":{"line":137,"column":17}}],"line":115},"14":{"loc":{"start":{"line":128,"column":14},"end":{"line":130,"column":15}},"type":"if","locations":[{"start":{"line":128,"column":14},"end":{"line":130,"column":15}},{"start":{},"end":{}}],"line":128},"15":{"loc":{"start":{"line":128,"column":18},"end":{"line":128,"column":60}},"type":"binary-expr","locations":[{"start":{"line":128,"column":18},"end":{"line":128,"column":37}},{"start":{"line":128,"column":41},"end":{"line":128,"column":60}}],"line":128},"16":{"loc":{"start":{"line":150,"column":37},"end":{"line":150,"column":81}},"type":"binary-expr","locations":[{"start":{"line":150,"column":37},"end":{"line":150,"column":52}},{"start":{"line":150,"column":56},"end":{"line":150,"column":81}}],"line":150},"17":{"loc":{"start":{"line":158,"column":19},"end":{"line":158,"column":55}},"type":"cond-expr","locations":[{"start":{"line":158,"column":36},"end":{"line":158,"column":43}},{"start":{"line":158,"column":46},"end":{"line":158,"column":55}}],"line":158}},"s":{"0":4,"1":4,"2":3,"3":3,"4":3,"5":3,"6":3,"7":3,"8":3,"9":1,"10":3,"11":0,"12":0,"13":0,"14":0,"15":0,"16":0,"17":0,"18":3,"19":2,"20":2,"21":3,"22":1,"23":2,"24":4,"25":0,"26":0,"27":1},"f":{"0":4,"1":3,"2":0,"3":2,"4":4,"5":0},"b":{"0":[1,2],"1":[3,2,1],"2":[0,0],"3":[0,0],"4":[2,2],"5":[1,1],"6":[1,1],"7":[2,1],"8":[1,1],"9":[1,2],"10":[3,2],"11":[2,0],"12":[2,0],"13":[2,0],"14":[0,0],"15":[0,0],"16":[2,2],"17":[0,2]},"_coverageSchema":"1a1c01bbd47fc00a2c39e90264f33305004495a9","hash":"a3fa1952c1d967afe8b19de79f95d407670ba5c6"}
,"/Users/filipjovkovic/Apps/chat/components/Notifications.tsx": {"path":"/Users/filipjovkovic/Apps/chat/components/Notifications.tsx","statementMap":{"0":{"start":{"line":7,"column":0},"end":{"line":13,"column":3}},"1":{"start":{"line":8,"column":35},"end":{"line":12,"column":3}},"2":{"start":{"line":16,"column":44},"end":{"line":16,"column":56}},"3":{"start":{"line":17,"column":34},"end":{"line":17,"column":83}},"4":{"start":{"line":18,"column":42},"end":{"line":20,"column":3}},"5":{"start":{"line":21,"column":31},"end":{"line":21,"column":72}},"6":{"start":{"line":22,"column":27},"end":{"line":22,"column":68}},"7":{"start":{"line":24,"column":2},"end":{"line":44,"column":9}},"8":{"start":{"line":25,"column":4},"end":{"line":25,"column":88}},"9":{"start":{"line":25,"column":54},"end":{"line":25,"column":86}},"10":{"start":{"line":27,"column":4},"end":{"line":29,"column":5}},"11":{"start":{"line":28,"column":6},"end":{"line":28,"column":91}},"12":{"start":{"line":28,"column":65},"end":{"line":28,"column":89}},"13":{"start":{"line":30,"column":4},"end":{"line":32,"column":7}},"14":{"start":{"line":31,"column":6},"end":{"line":31,"column":36}},"15":{"start":{"line":34,"column":4},"end":{"line":36,"column":7}},"16":{"start":{"line":35,"column":6},"end":{"line":35,"column":28}},"17":{"start":{"line":38,"column":4},"end":{"line":43,"column":6}},"18":{"start":{"line":39,"column":6},"end":{"line":40,"column":83}},"19":{"start":{"line":41,"column":6},"end":{"line":42,"column":79}},"20":{"start":{"line":46,"column":2},"end":{"line":71,"column":4}},"21":{"start":{"line":55,"column":26},"end":{"line":55,"column":30}},"22":{"start":{"line":67,"column":10},"end":{"line":67,"column":43}},"23":{"start":{"line":75,"column":2},"end":{"line":85,"column":5}},"24":{"start":{"line":91,"column":2},"end":{"line":98,"column":3}},"25":{"start":{"line":92,"column":4},"end":{"line":97,"column":7}},"26":{"start":{"line":100,"column":2},"end":{"line":131,"column":3}},"27":{"start":{"line":101,"column":39},"end":{"line":101,"column":80}},"28":{"start":{"line":102,"column":22},"end":{"line":102,"column":36}},"29":{"start":{"line":103,"column":4},"end":{"line":106,"column":5}},"30":{"start":{"line":104,"column":25},"end":{"line":104,"column":70}},"31":{"start":{"line":105,"column":6},"end":{"line":105,"column":27}},"32":{"start":{"line":107,"column":4},"end":{"line":110,"column":5}},"33":{"start":{"line":108,"column":6},"end":{"line":108,"column":63}},"34":{"start":{"line":109,"column":6},"end":{"line":109,"column":13}},"35":{"start":{"line":114,"column":4},"end":{"line":128,"column":5}},"36":{"start":{"line":116,"column":8},"end":{"line":116,"column":87}},"37":{"start":{"line":117,"column":6},"end":{"line":119,"column":7}},"38":{"start":{"line":118,"column":8},"end":{"line":118,"column":48}},"39":{"start":{"line":120,"column":6},"end":{"line":124,"column":13}},"40":{"start":{"line":125,"column":6},"end":{"line":125,"column":25}},"41":{"start":{"line":127,"column":6},"end":{"line":127,"column":21}},"42":{"start":{"line":130,"column":4},"end":{"line":130,"column":61}},"43":{"start":{"line":133,"column":2},"end":{"line":133,"column":15}}},"fnMap":{"0":{"name":"(anonymous_0)","decl":{"start":{"line":8,"column":22},"end":{"line":8,"column":23}},"loc":{"start":{"line":8,"column":35},"end":{"line":12,"column":3}},"line":8},"1":{"name":"App","decl":{"start":{"line":15,"column":24},"end":{"line":15,"column":27}},"loc":{"start":{"line":15,"column":30},"end":{"line":72,"column":1}},"line":15},"2":{"name":"(anonymous_2)","decl":{"start":{"line":24,"column":12},"end":{"line":24,"column":13}},"loc":{"start":{"line":24,"column":18},"end":{"line":44,"column":3}},"line":24},"3":{"name":"(anonymous_3)","decl":{"start":{"line":25,"column":45},"end":{"line":25,"column":46}},"loc":{"start":{"line":25,"column":54},"end":{"line":25,"column":86}},"line":25},"4":{"name":"(anonymous_4)","decl":{"start":{"line":28,"column":56},"end":{"line":28,"column":57}},"loc":{"start":{"line":28,"column":65},"end":{"line":28,"column":89}},"line":28},"5":{"name":"(anonymous_5)","decl":{"start":{"line":30,"column":81},"end":{"line":30,"column":82}},"loc":{"start":{"line":30,"column":97},"end":{"line":32,"column":5}},"line":30},"6":{"name":"(anonymous_6)","decl":{"start":{"line":34,"column":85},"end":{"line":34,"column":86}},"loc":{"start":{"line":34,"column":97},"end":{"line":36,"column":5}},"line":34},"7":{"name":"(anonymous_7)","decl":{"start":{"line":38,"column":11},"end":{"line":38,"column":12}},"loc":{"start":{"line":38,"column":17},"end":{"line":43,"column":5}},"line":38},"8":{"name":"(anonymous_8)","decl":{"start":{"line":55,"column":21},"end":{"line":55,"column":22}},"loc":{"start":{"line":55,"column":26},"end":{"line":55,"column":30}},"line":55},"9":{"name":"(anonymous_9)","decl":{"start":{"line":66,"column":17},"end":{"line":66,"column":18}},"loc":{"start":{"line":66,"column":29},"end":{"line":68,"column":9}},"line":66},"10":{"name":"schedulePushNotification","decl":{"start":{"line":74,"column":15},"end":{"line":74,"column":39}},"loc":{"start":{"line":74,"column":42},"end":{"line":86,"column":1}},"line":74},"11":{"name":"registerForPushNotificationsAsync","decl":{"start":{"line":88,"column":15},"end":{"line":88,"column":48}},"loc":{"start":{"line":88,"column":51},"end":{"line":134,"column":1}},"line":88}},"branchMap":{"0":{"loc":{"start":{"line":25,"column":54},"end":{"line":25,"column":86}},"type":"binary-expr","locations":[{"start":{"line":25,"column":54},"end":{"line":25,"column":59}},{"start":{"line":25,"column":63},"end":{"line":25,"column":86}}],"line":25},"1":{"loc":{"start":{"line":27,"column":4},"end":{"line":29,"column":5}},"type":"if","locations":[{"start":{"line":27,"column":4},"end":{"line":29,"column":5}},{"start":{},"end":{}}],"line":27},"2":{"loc":{"start":{"line":28,"column":77},"end":{"line":28,"column":88}},"type":"binary-expr","locations":[{"start":{"line":28,"column":77},"end":{"line":28,"column":82}},{"start":{"line":28,"column":86},"end":{"line":28,"column":88}}],"line":28},"3":{"loc":{"start":{"line":39,"column":6},"end":{"line":40,"column":82}},"type":"binary-expr","locations":[{"start":{"line":39,"column":6},"end":{"line":39,"column":34}},{"start":{"line":40,"column":8},"end":{"line":40,"column":82}}],"line":39},"4":{"loc":{"start":{"line":41,"column":6},"end":{"line":42,"column":78}},"type":"binary-expr","locations":[{"start":{"line":41,"column":6},"end":{"line":41,"column":30}},{"start":{"line":42,"column":8},"end":{"line":42,"column":78}}],"line":41},"5":{"loc":{"start":{"line":60,"column":22},"end":{"line":60,"column":72}},"type":"binary-expr","locations":[{"start":{"line":60,"column":22},"end":{"line":60,"column":34}},{"start":{"line":60,"column":38},"end":{"line":60,"column":72}}],"line":60},"6":{"loc":{"start":{"line":61,"column":21},"end":{"line":61,"column":70}},"type":"binary-expr","locations":[{"start":{"line":61,"column":21},"end":{"line":61,"column":33}},{"start":{"line":61,"column":37},"end":{"line":61,"column":70}}],"line":61},"7":{"loc":{"start":{"line":62,"column":21},"end":{"line":62,"column":86}},"type":"binary-expr","locations":[{"start":{"line":62,"column":21},"end":{"line":62,"column":33}},{"start":{"line":62,"column":37},"end":{"line":62,"column":86}}],"line":62},"8":{"loc":{"start":{"line":91,"column":2},"end":{"line":98,"column":3}},"type":"if","locations":[{"start":{"line":91,"column":2},"end":{"line":98,"column":3}},{"start":{},"end":{}}],"line":91},"9":{"loc":{"start":{"line":100,"column":2},"end":{"line":131,"column":3}},"type":"if","locations":[{"start":{"line":100,"column":2},"end":{"line":131,"column":3}},{"start":{"line":129,"column":9},"end":{"line":131,"column":3}}],"line":100},"10":{"loc":{"start":{"line":103,"column":4},"end":{"line":106,"column":5}},"type":"if","locations":[{"start":{"line":103,"column":4},"end":{"line":106,"column":5}},{"start":{},"end":{}}],"line":103},"11":{"loc":{"start":{"line":107,"column":4},"end":{"line":110,"column":5}},"type":"if","locations":[{"start":{"line":107,"column":4},"end":{"line":110,"column":5}},{"start":{},"end":{}}],"line":107},"12":{"loc":{"start":{"line":116,"column":8},"end":{"line":116,"column":87}},"type":"binary-expr","locations":[{"start":{"line":116,"column":8},"end":{"line":116,"column":52}},{"start":{"line":116,"column":56},"end":{"line":116,"column":87}}],"line":116},"13":{"loc":{"start":{"line":117,"column":6},"end":{"line":119,"column":7}},"type":"if","locations":[{"start":{"line":117,"column":6},"end":{"line":119,"column":7}},{"start":{},"end":{}}],"line":117}},"s":{"0":0,"1":0,"2":0,"3":0,"4":0,"5":0,"6":0,"7":0,"8":0,"9":0,"10":0,"11":0,"12":0,"13":0,"14":0,"15":0,"16":0,"17":0,"18":0,"19":0,"20":0,"21":0,"22":0,"23":0,"24":0,"25":0,"26":0,"27":0,"28":0,"29":0,"30":0,"31":0,"32":0,"33":0,"34":0,"35":0,"36":0,"37":0,"38":0,"39":0,"40":0,"41":0,"42":0,"43":0},"f":{"0":0,"1":0,"2":0,"3":0,"4":0,"5":0,"6":0,"7":0,"8":0,"9":0,"10":0,"11":0},"b":{"0":[0,0],"1":[0,0],"2":[0,0],"3":[0,0],"4":[0,0],"5":[0,0],"6":[0,0],"7":[0,0],"8":[0,0],"9":[0,0],"10":[0,0],"11":[0,0],"12":[0,0],"13":[0,0]}}
,"/Users/filipjovkovic/Apps/chat/components/ShareQrCode.tsx": {"path":"/Users/filipjovkovic/Apps/chat/components/ShareQrCode.tsx","statementMap":{"0":{"start":{"line":14,"column":42},"end":{"line":14,"column":57}},"1":{"start":{"line":17,"column":20},"end":{"line":17,"column":39}},"2":{"start":{"line":18,"column":20},"end":{"line":18,"column":26}},"3":{"start":{"line":19,"column":19},"end":{"line":21,"column":38}},"4":{"start":{"line":23,"column":22},"end":{"line":32,"column":3}},"5":{"start":{"line":24,"column":4},"end":{"line":31,"column":5}},"6":{"start":{"line":25,"column":6},"end":{"line":28,"column":9}},"7":{"start":{"line":30,"column":6},"end":{"line":30,"column":50}},"8":{"start":{"line":34,"column":26},"end":{"line":37,"column":3}},"9":{"start":{"line":35,"column":4},"end":{"line":35,"column":45}},"10":{"start":{"line":36,"column":4},"end":{"line":36,"column":39}},"11":{"start":{"line":39,"column":2},"end":{"line":89,"column":4}},"12":{"start":{"line":43,"column":23},"end":{"line":43,"column":44}},"13":{"start":{"line":52,"column":30},"end":{"line":52,"column":52}},"14":{"start":{"line":81,"column":29},"end":{"line":81,"column":51}},"15":{"start":{"line":92,"column":15},"end":{"line":160,"column":2}}},"fnMap":{"0":{"name":"ShareQRCode","decl":{"start":{"line":13,"column":24},"end":{"line":13,"column":35}},"loc":{"start":{"line":13,"column":80},"end":{"line":90,"column":1}},"line":13},"1":{"name":"(anonymous_1)","decl":{"start":{"line":23,"column":22},"end":{"line":23,"column":23}},"loc":{"start":{"line":23,"column":34},"end":{"line":32,"column":3}},"line":23},"2":{"name":"(anonymous_2)","decl":{"start":{"line":34,"column":26},"end":{"line":34,"column":27}},"loc":{"start":{"line":34,"column":38},"end":{"line":37,"column":3}},"line":34},"3":{"name":"(anonymous_3)","decl":{"start":{"line":43,"column":17},"end":{"line":43,"column":18}},"loc":{"start":{"line":43,"column":23},"end":{"line":43,"column":44}},"line":43},"4":{"name":"(anonymous_4)","decl":{"start":{"line":52,"column":24},"end":{"line":52,"column":25}},"loc":{"start":{"line":52,"column":30},"end":{"line":52,"column":52}},"line":52},"5":{"name":"(anonymous_5)","decl":{"start":{"line":81,"column":23},"end":{"line":81,"column":24}},"loc":{"start":{"line":81,"column":29},"end":{"line":81,"column":51}},"line":81}},"branchMap":{"0":{"loc":{"start":{"line":19,"column":19},"end":{"line":21,"column":38}},"type":"cond-expr","locations":[{"start":{"line":20,"column":6},"end":{"line":20,"column":47}},{"start":{"line":21,"column":6},"end":{"line":21,"column":38}}],"line":19}},"s":{"0":0,"1":0,"2":0,"3":0,"4":0,"5":0,"6":0,"7":0,"8":0,"9":0,"10":0,"11":0,"12":0,"13":0,"14":0,"15":0},"f":{"0":0,"1":0,"2":0,"3":0,"4":0,"5":0},"b":{"0":[0,0]}}
,"/Users/filipjovkovic/Apps/chat/context/UserContext.tsx": {"path":"/Users/filipjovkovic/Apps/chat/context/UserContext.tsx","statementMap":{"0":{"start":{"line":12,"column":20},"end":{"line":16,"column":2}},"1":{"start":{"line":18,"column":23},"end":{"line":18,"column":52}},"2":{"start":{"line":18,"column":29},"end":{"line":18,"column":52}},"3":{"start":{"line":20,"column":69},"end":{"line":82,"column":1}},"4":{"start":{"line":21,"column":26},"end":{"line":21,"column":53}},"5":{"start":{"line":22,"column":36},"end":{"line":22,"column":59}},"6":{"start":{"line":24,"column":2},"end":{"line":60,"column":9}},"7":{"start":{"line":25,"column":21},"end":{"line":57,"column":5}},"8":{"start":{"line":26,"column":6},"end":{"line":56,"column":7}},"9":{"start":{"line":28,"column":27},"end":{"line":28,"column":63}},"10":{"start":{"line":29,"column":29},"end":{"line":29,"column":67}},"11":{"start":{"line":32,"column":8},"end":{"line":35,"column":9}},"12":{"start":{"line":33,"column":10},"end":{"line":33,"column":80}},"13":{"start":{"line":34,"column":10},"end":{"line":34,"column":61}},"14":{"start":{"line":38,"column":8},"end":{"line":41,"column":9}},"15":{"start":{"line":39,"column":10},"end":{"line":39,"column":71}},"16":{"start":{"line":40,"column":10},"end":{"line":40,"column":65}},"17":{"start":{"line":43,"column":8},"end":{"line":46,"column":11}},"18":{"start":{"line":48,"column":8},"end":{"line":48,"column":57}},"19":{"start":{"line":50,"column":8},"end":{"line":53,"column":11}},"20":{"start":{"line":55,"column":8},"end":{"line":55,"column":28}},"21":{"start":{"line":59,"column":4},"end":{"line":59,"column":15}},"22":{"start":{"line":62,"column":22},"end":{"line":75,"column":3}},"23":{"start":{"line":63,"column":4},"end":{"line":63,"column":22}},"24":{"start":{"line":63,"column":15},"end":{"line":63,"column":22}},"25":{"start":{"line":65,"column":4},"end":{"line":74,"column":5}},"26":{"start":{"line":66,"column":6},"end":{"line":66,"column":55}},"27":{"start":{"line":67,"column":6},"end":{"line":70,"column":9}},"28":{"start":{"line":72,"column":6},"end":{"line":72,"column":54}},"29":{"start":{"line":73,"column":6},"end":{"line":73,"column":49}},"30":{"start":{"line":77,"column":2},"end":{"line":81,"column":4}}},"fnMap":{"0":{"name":"(anonymous_0)","decl":{"start":{"line":15,"column":15},"end":{"line":15,"column":16}},"loc":{"start":{"line":15,"column":27},"end":{"line":15,"column":29}},"line":15},"1":{"name":"(anonymous_1)","decl":{"start":{"line":18,"column":23},"end":{"line":18,"column":24}},"loc":{"start":{"line":18,"column":29},"end":{"line":18,"column":52}},"line":18},"2":{"name":"(anonymous_2)","decl":{"start":{"line":20,"column":69},"end":{"line":20,"column":70}},"loc":{"start":{"line":20,"column":87},"end":{"line":82,"column":1}},"line":20},"3":{"name":"(anonymous_3)","decl":{"start":{"line":24,"column":12},"end":{"line":24,"column":13}},"loc":{"start":{"line":24,"column":18},"end":{"line":60,"column":3}},"line":24},"4":{"name":"(anonymous_4)","decl":{"start":{"line":25,"column":21},"end":{"line":25,"column":22}},"loc":{"start":{"line":25,"column":33},"end":{"line":57,"column":5}},"line":25},"5":{"name":"(anonymous_5)","decl":{"start":{"line":62,"column":22},"end":{"line":62,"column":23}},"loc":{"start":{"line":62,"column":65},"end":{"line":75,"column":3}},"line":62}},"branchMap":{"0":{"loc":{"start":{"line":32,"column":8},"end":{"line":35,"column":9}},"type":"if","locations":[{"start":{"line":32,"column":8},"end":{"line":35,"column":9}},{"start":{},"end":{}}],"line":32},"1":{"loc":{"start":{"line":33,"column":33},"end":{"line":33,"column":63}},"type":"binary-expr","locations":[{"start":{"line":33,"column":33},"end":{"line":33,"column":50}},{"start":{"line":33,"column":54},"end":{"line":33,"column":63}}],"line":33},"2":{"loc":{"start":{"line":38,"column":8},"end":{"line":41,"column":9}},"type":"if","locations":[{"start":{"line":38,"column":8},"end":{"line":41,"column":9}},{"start":{},"end":{}}],"line":38},"3":{"loc":{"start":{"line":63,"column":4},"end":{"line":63,"column":22}},"type":"if","locations":[{"start":{"line":63,"column":4},"end":{"line":63,"column":22}},{"start":{},"end":{}}],"line":63}},"s":{"0":0,"1":0,"2":0,"3":0,"4":0,"5":0,"6":0,"7":0,"8":0,"9":0,"10":0,"11":0,"12":0,"13":0,"14":0,"15":0,"16":0,"17":0,"18":0,"19":0,"20":0,"21":0,"22":0,"23":0,"24":0,"25":0,"26":0,"27":0,"28":0,"29":0,"30":0},"f":{"0":0,"1":0,"2":0,"3":0,"4":0,"5":0},"b":{"0":[0,0],"1":[0,0],"2":[0,0],"3":[0,0]}}
,"/Users/filipjovkovic/Apps/chat/convex/chatRooms.ts": {"path":"/Users/filipjovkovic/Apps/chat/convex/chatRooms.ts","statementMap":{"0":{"start":{"line":6,"column":30},"end":{"line":27,"column":2}},"1":{"start":{"line":12,"column":23},"end":{"line":17,"column":6}},"2":{"start":{"line":20,"column":21},"end":{"line":20,"column":49}},"3":{"start":{"line":22,"column":4},"end":{"line":25,"column":6}},"4":{"start":{"line":30,"column":35},"end":{"line":42,"column":4}},"5":{"start":{"line":35,"column":6},"end":{"line":40,"column":7}},"6":{"start":{"line":36,"column":25},"end":{"line":36,"column":58}},"7":{"start":{"line":37,"column":8},"end":{"line":37,"column":26}},"8":{"start":{"line":39,"column":8},"end":{"line":39,"column":21}},"9":{"start":{"line":46,"column":27},"end":{"line":54,"column":2}},"10":{"start":{"line":51,"column":21},"end":{"line":51,"column":54}},"11":{"start":{"line":52,"column":4},"end":{"line":52,"column":20}},"12":{"start":{"line":56,"column":31},"end":{"line":61,"column":2}},"13":{"start":{"line":58,"column":18},"end":{"line":58,"column":59}},"14":{"start":{"line":59,"column":4},"end":{"line":59,"column":17}},"15":{"start":{"line":65,"column":35},"end":{"line":78,"column":2}},"16":{"start":{"line":70,"column":22},"end":{"line":74,"column":16}},"17":{"start":{"line":72,"column":21},"end":{"line":72,"column":60}},"18":{"start":{"line":76,"column":4},"end":{"line":76,"column":21}},"19":{"start":{"line":82,"column":28},"end":{"line":110,"column":2}},"20":{"start":{"line":88,"column":31},"end":{"line":96,"column":14}},"21":{"start":{"line":91,"column":8},"end":{"line":94,"column":9}},"22":{"start":{"line":98,"column":4},"end":{"line":100,"column":5}},"23":{"start":{"line":99,"column":6},"end":{"line":99,"column":37}},"24":{"start":{"line":102,"column":4},"end":{"line":106,"column":7}},"25":{"start":{"line":108,"column":4},"end":{"line":108,"column":29}}},"fnMap":{"0":{"name":"(anonymous_0)","decl":{"start":{"line":11,"column":11},"end":{"line":11,"column":12}},"loc":{"start":{"line":11,"column":32},"end":{"line":26,"column":3}},"line":11},"1":{"name":"(anonymous_1)","decl":{"start":{"line":34,"column":13},"end":{"line":34,"column":14}},"loc":{"start":{"line":34,"column":34},"end":{"line":41,"column":5}},"line":34},"2":{"name":"(anonymous_2)","decl":{"start":{"line":50,"column":11},"end":{"line":50,"column":12}},"loc":{"start":{"line":50,"column":32},"end":{"line":53,"column":3}},"line":50},"3":{"name":"(anonymous_3)","decl":{"start":{"line":57,"column":11},"end":{"line":57,"column":12}},"loc":{"start":{"line":57,"column":26},"end":{"line":60,"column":3}},"line":57},"4":{"name":"(anonymous_4)","decl":{"start":{"line":69,"column":11},"end":{"line":69,"column":12}},"loc":{"start":{"line":69,"column":32},"end":{"line":77,"column":3}},"line":69},"5":{"name":"(anonymous_5)","decl":{"start":{"line":72,"column":14},"end":{"line":72,"column":15}},"loc":{"start":{"line":72,"column":21},"end":{"line":72,"column":60}},"line":72},"6":{"name":"(anonymous_6)","decl":{"start":{"line":87,"column":11},"end":{"line":87,"column":12}},"loc":{"start":{"line":87,"column":32},"end":{"line":109,"column":3}},"line":87},"7":{"name":"(anonymous_7)","decl":{"start":{"line":90,"column":14},"end":{"line":90,"column":15}},"loc":{"start":{"line":91,"column":8},"end":{"line":94,"column":9}},"line":91}},"branchMap":{"0":{"loc":{"start":{"line":98,"column":4},"end":{"line":100,"column":5}},"type":"if","locations":[{"start":{"line":98,"column":4},"end":{"line":100,"column":5}},{"start":{},"end":{}}],"line":98}},"s":{"0":0,"1":0,"2":0,"3":0,"4":0,"5":0,"6":0,"7":0,"8":0,"9":0,"10":0,"11":0,"12":0,"13":0,"14":0,"15":0,"16":0,"17":0,"18":0,"19":0,"20":0,"21":0,"22":0,"23":0,"24":0,"25":0},"f":{"0":0,"1":0,"2":0,"3":0,"4":0,"5":0,"6":0,"7":0},"b":{"0":[0,0]}}
,"/Users/filipjovkovic/Apps/chat/convex/convex.config.ts": {"path":"/Users/filipjovkovic/Apps/chat/convex/convex.config.ts","statementMap":{"0":{"start":{"line":4,"column":12},"end":{"line":4,"column":23}},"1":{"start":{"line":5,"column":0},"end":{"line":5,"column":27}}},"fnMap":{},"branchMap":{},"s":{"0":0,"1":0},"f":{},"b":{}}
,"/Users/filipjovkovic/Apps/chat/convex/example.ts": {"path":"/Users/filipjovkovic/Apps/chat/convex/example.ts","statementMap":{"0":{"start":{"line":6,"column":30},"end":{"line":32,"column":2}},"1":{"start":{"line":14,"column":25},"end":{"line":17,"column":14}},"2":{"start":{"line":16,"column":19},"end":{"line":16,"column":52}},"3":{"start":{"line":19,"column":4},"end":{"line":30,"column":5}},"4":{"start":{"line":21,"column":6},"end":{"line":23,"column":9}},"5":{"start":{"line":26,"column":6},"end":{"line":29,"column":9}},"6":{"start":{"line":35,"column":27},"end":{"line":117,"column":2}},"7":{"start":{"line":44,"column":22},"end":{"line":50,"column":6}},"8":{"start":{"line":52,"column":4},"end":{"line":113,"column":5}},"9":{"start":{"line":54,"column":23},"end":{"line":54,"column":56}},"10":{"start":{"line":55,"column":6},"end":{"line":57,"column":7}},"11":{"start":{"line":56,"column":8},"end":{"line":56,"column":47}},"12":{"start":{"line":60,"column":27},"end":{"line":64,"column":18}},"13":{"start":{"line":62,"column":21},"end":{"line":62,"column":65}},"14":{"start":{"line":63,"column":21},"end":{"line":63,"column":60}},"15":{"start":{"line":67,"column":6},"end":{"line":109,"column":7}},"16":{"start":{"line":69,"column":21},"end":{"line":72,"column":18}},"17":{"start":{"line":71,"column":23},"end":{"line":71,"column":63}},"18":{"start":{"line":74,"column":8},"end":{"line":108,"column":9}},"19":{"start":{"line":75,"column":10},"end":{"line":107,"column":11}},"20":{"start":{"line":77,"column":12},"end":{"line":88,"column":15}},"21":{"start":{"line":90,"column":12},"end":{"line":90,"column":75}},"22":{"start":{"line":92,"column":12},"end":{"line":92,"column":82}},"23":{"start":{"line":95,"column":12},"end":{"line":106,"column":13}},"24":{"start":{"line":96,"column":14},"end":{"line":105,"column":17}},"25":{"start":{"line":112,"column":6},"end":{"line":112,"column":59}},"26":{"start":{"line":115,"column":4},"end":{"line":115,"column":21}},"27":{"start":{"line":120,"column":36},"end":{"line":159,"column":2}},"28":{"start":{"line":128,"column":4},"end":{"line":157,"column":5}},"29":{"start":{"line":130,"column":23},"end":{"line":144,"column":8}},"30":{"start":{"line":146,"column":6},"end":{"line":149,"column":7}},"31":{"start":{"line":147,"column":26},"end":{"line":147,"column":47}},"32":{"start":{"line":148,"column":8},"end":{"line":148,"column":82}},"33":{"start":{"line":151,"column":21},"end":{"line":151,"column":42}},"34":{"start":{"line":152,"column":6},"end":{"line":152,"column":66}},"35":{"start":{"line":153,"column":6},"end":{"line":153,"column":20}},"36":{"start":{"line":155,"column":6},"end":{"line":155,"column":64}},"37":{"start":{"line":156,"column":6},"end":{"line":156,"column":18}},"38":{"start":{"line":162,"column":36},"end":{"line":202,"column":2}},"39":{"start":{"line":172,"column":21},"end":{"line":172,"column":54}},"40":{"start":{"line":173,"column":25},"end":{"line":173,"column":49}},"41":{"start":{"line":176,"column":22},"end":{"line":176,"column":56}},"42":{"start":{"line":177,"column":4},"end":{"line":179,"column":5}},"43":{"start":{"line":178,"column":6},"end":{"line":178,"column":45}},"44":{"start":{"line":181,"column":4},"end":{"line":200,"column":5}},"45":{"start":{"line":183,"column":21},"end":{"line":194,"column":8}},"46":{"start":{"line":196,"column":6},"end":{"line":196,"column":20}},"47":{"start":{"line":198,"column":6},"end":{"line":198,"column":64}},"48":{"start":{"line":199,"column":6},"end":{"line":199,"column":18}},"49":{"start":{"line":205,"column":33},"end":{"line":235,"column":2}},"50":{"start":{"line":210,"column":21},"end":{"line":210,"column":53}},"51":{"start":{"line":211,"column":4},"end":{"line":213,"column":5}},"52":{"start":{"line":212,"column":6},"end":{"line":212,"column":43}},"53":{"start":{"line":215,"column":17},"end":{"line":218,"column":14}},"54":{"start":{"line":217,"column":21},"end":{"line":217,"column":79}},"55":{"start":{"line":220,"column":4},"end":{"line":222,"column":5}},"56":{"start":{"line":221,"column":6},"end":{"line":221,"column":40}},"57":{"start":{"line":225,"column":4},"end":{"line":228,"column":7}},"58":{"start":{"line":231,"column":4},"end":{"line":231,"column":60}},"59":{"start":{"line":233,"column":4},"end":{"line":233,"column":29}}},"fnMap":{"0":{"name":"(anonymous_0)","decl":{"start":{"line":12,"column":11},"end":{"line":12,"column":12}},"loc":{"start":{"line":12,"column":32},"end":{"line":31,"column":3}},"line":12},"1":{"name":"(anonymous_1)","decl":{"start":{"line":16,"column":14},"end":{"line":16,"column":15}},"loc":{"start":{"line":16,"column":19},"end":{"line":16,"column":52}},"line":16},"2":{"name":"(anonymous_2)","decl":{"start":{"line":42,"column":11},"end":{"line":42,"column":12}},"loc":{"start":{"line":42,"column":32},"end":{"line":116,"column":3}},"line":42},"3":{"name":"(anonymous_3)","decl":{"start":{"line":62,"column":16},"end":{"line":62,"column":17}},"loc":{"start":{"line":62,"column":21},"end":{"line":62,"column":65}},"line":62},"4":{"name":"(anonymous_4)","decl":{"start":{"line":63,"column":16},"end":{"line":63,"column":17}},"loc":{"start":{"line":63,"column":21},"end":{"line":63,"column":60}},"line":63},"5":{"name":"(anonymous_5)","decl":{"start":{"line":71,"column":18},"end":{"line":71,"column":19}},"loc":{"start":{"line":71,"column":23},"end":{"line":71,"column":63}},"line":71},"6":{"name":"(anonymous_6)","decl":{"start":{"line":127,"column":11},"end":{"line":127,"column":12}},"loc":{"start":{"line":127,"column":32},"end":{"line":158,"column":3}},"line":127},"7":{"name":"(anonymous_7)","decl":{"start":{"line":170,"column":11},"end":{"line":170,"column":12}},"loc":{"start":{"line":170,"column":32},"end":{"line":201,"column":3}},"line":170},"8":{"name":"(anonymous_8)","decl":{"start":{"line":209,"column":11},"end":{"line":209,"column":12}},"loc":{"start":{"line":209,"column":32},"end":{"line":234,"column":3}},"line":209},"9":{"name":"(anonymous_9)","decl":{"start":{"line":217,"column":14},"end":{"line":217,"column":15}},"loc":{"start":{"line":217,"column":21},"end":{"line":217,"column":79}},"line":217}},"branchMap":{"0":{"loc":{"start":{"line":19,"column":4},"end":{"line":30,"column":5}},"type":"if","locations":[{"start":{"line":19,"column":4},"end":{"line":30,"column":5}},{"start":{"line":24,"column":11},"end":{"line":30,"column":5}}],"line":19},"1":{"loc":{"start":{"line":55,"column":6},"end":{"line":57,"column":7}},"type":"if","locations":[{"start":{"line":55,"column":6},"end":{"line":57,"column":7}},{"start":{},"end":{}}],"line":55},"2":{"loc":{"start":{"line":74,"column":8},"end":{"line":108,"column":9}},"type":"if","locations":[{"start":{"line":74,"column":8},"end":{"line":108,"column":9}},{"start":{},"end":{}}],"line":74},"3":{"loc":{"start":{"line":80,"column":48},"end":{"line":80,"column":71}},"type":"binary-expr","locations":[{"start":{"line":80,"column":48},"end":{"line":80,"column":61}},{"start":{"line":80,"column":65},"end":{"line":80,"column":71}}],"line":80},"4":{"loc":{"start":{"line":95,"column":12},"end":{"line":106,"column":13}},"type":"if","locations":[{"start":{"line":95,"column":12},"end":{"line":106,"column":13}},{"start":{},"end":{}}],"line":95},"5":{"loc":{"start":{"line":98,"column":48},"end":{"line":98,"column":71}},"type":"binary-expr","locations":[{"start":{"line":98,"column":48},"end":{"line":98,"column":61}},{"start":{"line":98,"column":65},"end":{"line":98,"column":71}}],"line":98},"6":{"loc":{"start":{"line":140,"column":16},"end":{"line":140,"column":31}},"type":"binary-expr","locations":[{"start":{"line":140,"column":16},"end":{"line":140,"column":25}},{"start":{"line":140,"column":29},"end":{"line":140,"column":31}}],"line":140},"7":{"loc":{"start":{"line":146,"column":6},"end":{"line":149,"column":7}},"type":"if","locations":[{"start":{"line":146,"column":6},"end":{"line":149,"column":7}},{"start":{},"end":{}}],"line":146},"8":{"loc":{"start":{"line":173,"column":25},"end":{"line":173,"column":49}},"type":"binary-expr","locations":[{"start":{"line":173,"column":25},"end":{"line":173,"column":39}},{"start":{"line":173,"column":43},"end":{"line":173,"column":49}}],"line":173},"9":{"loc":{"start":{"line":177,"column":4},"end":{"line":179,"column":5}},"type":"if","locations":[{"start":{"line":177,"column":4},"end":{"line":179,"column":5}},{"start":{},"end":{}}],"line":177},"10":{"loc":{"start":{"line":211,"column":4},"end":{"line":213,"column":5}},"type":"if","locations":[{"start":{"line":211,"column":4},"end":{"line":213,"column":5}},{"start":{},"end":{}}],"line":211},"11":{"loc":{"start":{"line":220,"column":4},"end":{"line":222,"column":5}},"type":"if","locations":[{"start":{"line":220,"column":4},"end":{"line":222,"column":5}},{"start":{},"end":{}}],"line":220}},"s":{"0":0,"1":0,"2":0,"3":0,"4":0,"5":0,"6":0,"7":0,"8":0,"9":0,"10":0,"11":0,"12":0,"13":0,"14":0,"15":0,"16":0,"17":0,"18":0,"19":0,"20":0,"21":0,"22":0,"23":0,"24":0,"25":0,"26":0,"27":0,"28":0,"29":0,"30":0,"31":0,"32":0,"33":0,"34":0,"35":0,"36":0,"37":0,"38":0,"39":0,"40":0,"41":0,"42":0,"43":0,"44":0,"45":0,"46":0,"47":0,"48":0,"49":0,"50":0,"51":0,"52":0,"53":0,"54":0,"55":0,"56":0,"57":0,"58":0,"59":0},"f":{"0":0,"1":0,"2":0,"3":0,"4":0,"5":0,"6":0,"7":0,"8":0,"9":0},"b":{"0":[0,0],"1":[0,0],"2":[0,0],"3":[0,0],"4":[0,0],"5":[0,0],"6":[0,0],"7":[0,0],"8":[0,0],"9":[0,0],"10":[0,0],"11":[0,0]}}
,"/Users/filipjovkovic/Apps/chat/convex/messages.ts": {"path":"/Users/filipjovkovic/Apps/chat/convex/messages.ts","statementMap":{"0":{"start":{"line":8,"column":26},"end":{"line":8,"column":77}},"1":{"start":{"line":11,"column":27},"end":{"line":36,"column":2}},"2":{"start":{"line":20,"column":21},"end":{"line":20,"column":54}},"3":{"start":{"line":21,"column":4},"end":{"line":23,"column":5}},"4":{"start":{"line":22,"column":6},"end":{"line":22,"column":45}},"5":{"start":{"line":26,"column":22},"end":{"line":32,"column":6}},"6":{"start":{"line":34,"column":4},"end":{"line":34,"column":25}},"7":{"start":{"line":38,"column":28},"end":{"line":79,"column":2}},"8":{"start":{"line":46,"column":20},"end":{"line":52,"column":6}},"9":{"start":{"line":55,"column":25},"end":{"line":57,"column":16}},"10":{"start":{"line":56,"column":19},"end":{"line":56,"column":63}},"11":{"start":{"line":59,"column":4},"end":{"line":75,"column":5}},"12":{"start":{"line":60,"column":6},"end":{"line":74,"column":7}},"13":{"start":{"line":61,"column":27},"end":{"line":63,"column":18}},"14":{"start":{"line":62,"column":23},"end":{"line":62,"column":56}},"15":{"start":{"line":65,"column":8},"end":{"line":73,"column":9}},"16":{"start":{"line":66,"column":10},"end":{"line":72,"column":13}},"17":{"start":{"line":77,"column":4},"end":{"line":77,"column":19}},"18":{"start":{"line":85,"column":27},"end":{"line":101,"column":2}},"19":{"start":{"line":91,"column":18},"end":{"line":91,"column":34}},"20":{"start":{"line":93,"column":21},"end":{"line":97,"column":18}},"21":{"start":{"line":95,"column":21},"end":{"line":95,"column":65}},"22":{"start":{"line":99,"column":4},"end":{"line":99,"column":30}},"23":{"start":{"line":104,"column":35},"end":{"line":120,"column":2}},"24":{"start":{"line":110,"column":18},"end":{"line":110,"column":34}},"25":{"start":{"line":112,"column":21},"end":{"line":116,"column":18}},"26":{"start":{"line":114,"column":21},"end":{"line":114,"column":65}},"27":{"start":{"line":118,"column":4},"end":{"line":118,"column":30}}},"fnMap":{"0":{"name":"(anonymous_0)","decl":{"start":{"line":18,"column":11},"end":{"line":18,"column":12}},"loc":{"start":{"line":18,"column":32},"end":{"line":35,"column":3}},"line":18},"1":{"name":"(anonymous_1)","decl":{"start":{"line":45,"column":11},"end":{"line":45,"column":12}},"loc":{"start":{"line":45,"column":32},"end":{"line":78,"column":3}},"line":45},"2":{"name":"(anonymous_2)","decl":{"start":{"line":56,"column":14},"end":{"line":56,"column":15}},"loc":{"start":{"line":56,"column":19},"end":{"line":56,"column":63}},"line":56},"3":{"name":"(anonymous_3)","decl":{"start":{"line":62,"column":18},"end":{"line":62,"column":19}},"loc":{"start":{"line":62,"column":23},"end":{"line":62,"column":56}},"line":62},"4":{"name":"(anonymous_4)","decl":{"start":{"line":90,"column":11},"end":{"line":90,"column":12}},"loc":{"start":{"line":90,"column":32},"end":{"line":100,"column":3}},"line":90},"5":{"name":"(anonymous_5)","decl":{"start":{"line":95,"column":14},"end":{"line":95,"column":15}},"loc":{"start":{"line":95,"column":21},"end":{"line":95,"column":65}},"line":95},"6":{"name":"(anonymous_6)","decl":{"start":{"line":109,"column":11},"end":{"line":109,"column":12}},"loc":{"start":{"line":109,"column":32},"end":{"line":119,"column":3}},"line":109},"7":{"name":"(anonymous_7)","decl":{"start":{"line":114,"column":14},"end":{"line":114,"column":15}},"loc":{"start":{"line":114,"column":21},"end":{"line":114,"column":65}},"line":114}},"branchMap":{"0":{"loc":{"start":{"line":21,"column":4},"end":{"line":23,"column":5}},"type":"if","locations":[{"start":{"line":21,"column":4},"end":{"line":23,"column":5}},{"start":{},"end":{}}],"line":21},"1":{"loc":{"start":{"line":60,"column":6},"end":{"line":74,"column":7}},"type":"if","locations":[{"start":{"line":60,"column":6},"end":{"line":74,"column":7}},{"start":{},"end":{}}],"line":60},"2":{"loc":{"start":{"line":65,"column":8},"end":{"line":73,"column":9}},"type":"if","locations":[{"start":{"line":65,"column":8},"end":{"line":73,"column":9}},{"start":{},"end":{}}],"line":65},"3":{"loc":{"start":{"line":91,"column":18},"end":{"line":91,"column":34}},"type":"binary-expr","locations":[{"start":{"line":91,"column":18},"end":{"line":91,"column":28}},{"start":{"line":91,"column":32},"end":{"line":91,"column":34}}],"line":91},"4":{"loc":{"start":{"line":110,"column":18},"end":{"line":110,"column":34}},"type":"binary-expr","locations":[{"start":{"line":110,"column":18},"end":{"line":110,"column":28}},{"start":{"line":110,"column":32},"end":{"line":110,"column":34}}],"line":110}},"s":{"0":0,"1":0,"2":0,"3":0,"4":0,"5":0,"6":0,"7":0,"8":0,"9":0,"10":0,"11":0,"12":0,"13":0,"14":0,"15":0,"16":0,"17":0,"18":0,"19":0,"20":0,"21":0,"22":0,"23":0,"24":0,"25":0,"26":0,"27":0},"f":{"0":0,"1":0,"2":0,"3":0,"4":0,"5":0,"6":0,"7":0},"b":{"0":[0,0],"1":[0,0],"2":[0,0],"3":[0,0],"4":[0,0]}}
,"/Users/filipjovkovic/Apps/chat/convex/react.ts": {"path":"/Users/filipjovkovic/Apps/chat/convex/react.ts","statementMap":{"0":{"start":{"line":4,"column":18},"end":{"line":4,"column":62}},"1":{"start":{"line":6,"column":0},"end":{"line":8,"column":1}},"2":{"start":{"line":7,"column":2},"end":{"line":7,"column":59}},"3":{"start":{"line":10,"column":22},"end":{"line":10,"column":54}}},"fnMap":{},"branchMap":{"0":{"loc":{"start":{"line":6,"column":0},"end":{"line":8,"column":1}},"type":"if","locations":[{"start":{"line":6,"column":0},"end":{"line":8,"column":1}},{"start":{},"end":{}}],"line":6}},"s":{"0":0,"1":0,"2":0,"3":0},"f":{},"b":{"0":[0,0]}}
,"/Users/filipjovkovic/Apps/chat/convex/schema.ts": {"path":"/Users/filipjovkovic/Apps/chat/convex/schema.ts","statementMap":{},"fnMap":{},"branchMap":{},"s":{},"f":{},"b":{}}
,"/Users/filipjovkovic/Apps/chat/convex/_generated/api.d.ts": {"path":"/Users/filipjovkovic/Apps/chat/convex/_generated/api.d.ts","statementMap":{},"fnMap":{},"branchMap":{},"s":{},"f":{},"b":{}}
,"/Users/filipjovkovic/Apps/chat/convex/_generated/dataModel.d.ts": {"path":"/Users/filipjovkovic/Apps/chat/convex/_generated/dataModel.d.ts","statementMap":{},"fnMap":{},"branchMap":{},"s":{},"f":{},"b":{}}
,"/Users/filipjovkovic/Apps/chat/convex/_generated/server.d.ts": {"path":"/Users/filipjovkovic/Apps/chat/convex/_generated/server.d.ts","statementMap":{},"fnMap":{},"branchMap":{},"s":{},"f":{},"b":{}}
,"/Users/filipjovkovic/Apps/chat/convex/functions/push.ts": {"path":"/Users/filipjovkovic/Apps/chat/convex/functions/push.ts","statementMap":{"0":{"start":{"line":4,"column":43},"end":{"line":28,"column":2}},"1":{"start":{"line":7,"column":21},"end":{"line":7,"column":53}},"2":{"start":{"line":8,"column":4},"end":{"line":10,"column":5}},"3":{"start":{"line":9,"column":6},"end":{"line":9,"column":43}},"4":{"start":{"line":12,"column":17},"end":{"line":15,"column":14}},"5":{"start":{"line":14,"column":21},"end":{"line":14,"column":79}},"6":{"start":{"line":17,"column":4},"end":{"line":19,"column":5}},"7":{"start":{"line":18,"column":6},"end":{"line":18,"column":40}},"8":{"start":{"line":21,"column":4},"end":{"line":24,"column":7}},"9":{"start":{"line":26,"column":4},"end":{"line":26,"column":60}}},"fnMap":{"0":{"name":"(anonymous_0)","decl":{"start":{"line":6,"column":11},"end":{"line":6,"column":12}},"loc":{"start":{"line":6,"column":32},"end":{"line":27,"column":3}},"line":6},"1":{"name":"(anonymous_1)","decl":{"start":{"line":14,"column":14},"end":{"line":14,"column":15}},"loc":{"start":{"line":14,"column":21},"end":{"line":14,"column":79}},"line":14}},"branchMap":{"0":{"loc":{"start":{"line":8,"column":4},"end":{"line":10,"column":5}},"type":"if","locations":[{"start":{"line":8,"column":4},"end":{"line":10,"column":5}},{"start":{},"end":{}}],"line":8},"1":{"loc":{"start":{"line":17,"column":4},"end":{"line":19,"column":5}},"type":"if","locations":[{"start":{"line":17,"column":4},"end":{"line":19,"column":5}},{"start":{},"end":{}}],"line":17}},"s":{"0":0,"1":0,"2":0,"3":0,"4":0,"5":0,"6":0,"7":0,"8":0,"9":0},"f":{"0":0,"1":0},"b":{"0":[0,0],"1":[0,0]}}
,"/Users/filipjovkovic/Apps/chat/hooks/useNotifications.tsx": {"path":"/Users/filipjovkovic/Apps/chat/hooks/useNotifications.tsx","statementMap":{"0":{"start":{"line":10,"column":0},"end":{"line":16,"column":3}},"1":{"start":{"line":11,"column":35},"end":{"line":15,"column":3}},"2":{"start":{"line":30,"column":44},"end":{"line":30,"column":64}},"3":{"start":{"line":31,"column":42},"end":{"line":31,"column":91}},"4":{"start":{"line":32,"column":31},"end":{"line":32,"column":67}},"5":{"start":{"line":33,"column":27},"end":{"line":33,"column":63}},"6":{"start":{"line":34,"column":17},"end":{"line":34,"column":28}},"7":{"start":{"line":37,"column":39},"end":{"line":86,"column":3}},"8":{"start":{"line":38,"column":31},"end":{"line":38,"column":35}},"9":{"start":{"line":40,"column":4},"end":{"line":48,"column":5}},"10":{"start":{"line":41,"column":6},"end":{"line":47,"column":9}},"11":{"start":{"line":50,"column":4},"end":{"line":83,"column":5}},"12":{"start":{"line":51,"column":41},"end":{"line":51,"column":82}},"13":{"start":{"line":52,"column":24},"end":{"line":52,"column":38}},"14":{"start":{"line":54,"column":6},"end":{"line":57,"column":7}},"15":{"start":{"line":55,"column":27},"end":{"line":55,"column":72}},"16":{"start":{"line":56,"column":8},"end":{"line":56,"column":29}},"17":{"start":{"line":59,"column":6},"end":{"line":62,"column":7}},"18":{"start":{"line":60,"column":8},"end":{"line":60,"column":71}},"19":{"start":{"line":61,"column":8},"end":{"line":61,"column":20}},"20":{"start":{"line":64,"column":6},"end":{"line":80,"column":7}},"21":{"start":{"line":66,"column":10},"end":{"line":66,"column":89}},"22":{"start":{"line":68,"column":8},"end":{"line":70,"column":9}},"23":{"start":{"line":69,"column":10},"end":{"line":69,"column":50}},"24":{"start":{"line":72,"column":8},"end":{"line":74,"column":17}},"25":{"start":{"line":76,"column":8},"end":{"line":76,"column":47}},"26":{"start":{"line":78,"column":8},"end":{"line":78,"column":54}},"27":{"start":{"line":79,"column":8},"end":{"line":79,"column":20}},"28":{"start":{"line":82,"column":6},"end":{"line":82,"column":69}},"29":{"start":{"line":85,"column":4},"end":{"line":85,"column":17}},"30":{"start":{"line":88,"column":2},"end":{"line":134,"column":35}},"31":{"start":{"line":90,"column":4},"end":{"line":103,"column":7}},"32":{"start":{"line":91,"column":6},"end":{"line":102,"column":7}},"33":{"start":{"line":92,"column":8},"end":{"line":92,"column":32}},"34":{"start":{"line":95,"column":8},"end":{"line":101,"column":9}},"35":{"start":{"line":96,"column":10},"end":{"line":100,"column":13}},"36":{"start":{"line":99,"column":12},"end":{"line":99,"column":77}},"37":{"start":{"line":106,"column":4},"end":{"line":109,"column":7}},"38":{"start":{"line":107,"column":6},"end":{"line":107,"column":36}},"39":{"start":{"line":108,"column":6},"end":{"line":108,"column":72}},"40":{"start":{"line":112,"column":4},"end":{"line":123,"column":7}},"41":{"start":{"line":113,"column":19},"end":{"line":113,"column":68}},"42":{"start":{"line":114,"column":6},"end":{"line":114,"column":54}},"43":{"start":{"line":117,"column":6},"end":{"line":122,"column":7}},"44":{"start":{"line":118,"column":8},"end":{"line":121,"column":11}},"45":{"start":{"line":126,"column":4},"end":{"line":133,"column":6}},"46":{"start":{"line":127,"column":6},"end":{"line":129,"column":7}},"47":{"start":{"line":128,"column":8},"end":{"line":128,"column":83}},"48":{"start":{"line":130,"column":6},"end":{"line":132,"column":7}},"49":{"start":{"line":131,"column":8},"end":{"line":131,"column":79}},"50":{"start":{"line":136,"column":2},"end":{"line":140,"column":4}},"51":{"start":{"line":144,"column":41},"end":{"line":153,"column":1}},"52":{"start":{"line":145,"column":2},"end":{"line":152,"column":5}}},"fnMap":{"0":{"name":"(anonymous_0)","decl":{"start":{"line":11,"column":22},"end":{"line":11,"column":23}},"loc":{"start":{"line":11,"column":35},"end":{"line":15,"column":3}},"line":11},"1":{"name":"useNotifications","decl":{"start":{"line":29,"column":16},"end":{"line":29,"column":32}},"loc":{"start":{"line":29,"column":104},"end":{"line":141,"column":1}},"line":29},"2":{"name":"(anonymous_2)","decl":{"start":{"line":37,"column":39},"end":{"line":37,"column":40}},"loc":{"start":{"line":37,"column":75},"end":{"line":86,"column":3}},"line":37},"3":{"name":"(anonymous_3)","decl":{"start":{"line":88,"column":12},"end":{"line":88,"column":13}},"loc":{"start":{"line":88,"column":18},"end":{"line":134,"column":3}},"line":88},"4":{"name":"(anonymous_4)","decl":{"start":{"line":90,"column":40},"end":{"line":90,"column":41}},"loc":{"start":{"line":90,"column":49},"end":{"line":103,"column":5}},"line":90},"5":{"name":"(anonymous_5)","decl":{"start":{"line":98,"column":19},"end":{"line":98,"column":20}},"loc":{"start":{"line":98,"column":26},"end":{"line":100,"column":11}},"line":98},"6":{"name":"(anonymous_6)","decl":{"start":{"line":106,"column":81},"end":{"line":106,"column":82}},"loc":{"start":{"line":106,"column":97},"end":{"line":109,"column":5}},"line":106},"7":{"name":"(anonymous_7)","decl":{"start":{"line":112,"column":85},"end":{"line":112,"column":86}},"loc":{"start":{"line":112,"column":97},"end":{"line":123,"column":5}},"line":112},"8":{"name":"(anonymous_8)","decl":{"start":{"line":126,"column":11},"end":{"line":126,"column":12}},"loc":{"start":{"line":126,"column":17},"end":{"line":133,"column":5}},"line":126},"9":{"name":"(anonymous_9)","decl":{"start":{"line":144,"column":41},"end":{"line":144,"column":42}},"loc":{"start":{"line":144,"column":113},"end":{"line":153,"column":1}},"line":144}},"branchMap":{"0":{"loc":{"start":{"line":40,"column":4},"end":{"line":48,"column":5}},"type":"if","locations":[{"start":{"line":40,"column":4},"end":{"line":48,"column":5}},{"start":{},"end":{}}],"line":40},"1":{"loc":{"start":{"line":50,"column":4},"end":{"line":83,"column":5}},"type":"if","locations":[{"start":{"line":50,"column":4},"end":{"line":83,"column":5}},{"start":{"line":81,"column":11},"end":{"line":83,"column":5}}],"line":50},"2":{"loc":{"start":{"line":54,"column":6},"end":{"line":57,"column":7}},"type":"if","locations":[{"start":{"line":54,"column":6},"end":{"line":57,"column":7}},{"start":{},"end":{}}],"line":54},"3":{"loc":{"start":{"line":59,"column":6},"end":{"line":62,"column":7}},"type":"if","locations":[{"start":{"line":59,"column":6},"end":{"line":62,"column":7}},{"start":{},"end":{}}],"line":59},"4":{"loc":{"start":{"line":66,"column":10},"end":{"line":66,"column":89}},"type":"binary-expr","locations":[{"start":{"line":66,"column":10},"end":{"line":66,"column":54}},{"start":{"line":66,"column":58},"end":{"line":66,"column":89}}],"line":66},"5":{"loc":{"start":{"line":68,"column":8},"end":{"line":70,"column":9}},"type":"if","locations":[{"start":{"line":68,"column":8},"end":{"line":70,"column":9}},{"start":{},"end":{}}],"line":68},"6":{"loc":{"start":{"line":91,"column":6},"end":{"line":102,"column":7}},"type":"if","locations":[{"start":{"line":91,"column":6},"end":{"line":102,"column":7}},{"start":{},"end":{}}],"line":91},"7":{"loc":{"start":{"line":95,"column":8},"end":{"line":101,"column":9}},"type":"if","locations":[{"start":{"line":95,"column":8},"end":{"line":101,"column":9}},{"start":{},"end":{}}],"line":95},"8":{"loc":{"start":{"line":117,"column":6},"end":{"line":122,"column":7}},"type":"if","locations":[{"start":{"line":117,"column":6},"end":{"line":122,"column":7}},{"start":{},"end":{}}],"line":117},"9":{"loc":{"start":{"line":117,"column":10},"end":{"line":117,"column":71}},"type":"binary-expr","locations":[{"start":{"line":117,"column":10},"end":{"line":117,"column":20}},{"start":{"line":117,"column":24},"end":{"line":117,"column":52}},{"start":{"line":117,"column":56},"end":{"line":117,"column":71}}],"line":117},"10":{"loc":{"start":{"line":127,"column":6},"end":{"line":129,"column":7}},"type":"if","locations":[{"start":{"line":127,"column":6},"end":{"line":129,"column":7}},{"start":{},"end":{}}],"line":127},"11":{"loc":{"start":{"line":130,"column":6},"end":{"line":132,"column":7}},"type":"if","locations":[{"start":{"line":130,"column":6},"end":{"line":132,"column":7}},{"start":{},"end":{}}],"line":130},"12":{"loc":{"start":{"line":144,"column":77},"end":{"line":144,"column":91}},"type":"default-arg","locations":[{"start":{"line":144,"column":89},"end":{"line":144,"column":91}}],"line":144}},"s":{"0":1,"1":0,"2":0,"3":0,"4":0,"5":0,"6":0,"7":0,"8":0,"9":0,"10":0,"11":0,"12":0,"13":0,"14":0,"15":0,"16":0,"17":0,"18":0,"19":0,"20":0,"21":0,"22":0,"23":0,"24":0,"25":0,"26":0,"27":0,"28":0,"29":0,"30":0,"31":0,"32":0,"33":0,"34":0,"35":0,"36":0,"37":0,"38":0,"39":0,"40":0,"41":0,"42":0,"43":0,"44":0,"45":0,"46":0,"47":0,"48":0,"49":0,"50":0,"51":1,"52":0},"f":{"0":0,"1":0,"2":0,"3":0,"4":0,"5":0,"6":0,"7":0,"8":0,"9":0},"b":{"0":[0,0],"1":[0,0],"2":[0,0],"3":[0,0],"4":[0,0],"5":[0,0],"6":[0,0],"7":[0,0],"8":[0,0],"9":[0,0,0],"10":[0,0],"11":[0,0],"12":[0]},"_coverageSchema":"1a1c01bbd47fc00a2c39e90264f33305004495a9","hash":"9f64090cb83fdc6f0ad13e679b57b6d1198e8a5c"}
,"/Users/filipjovkovic/Apps/chat/types/models.ts": {"path":"/Users/filipjovkovic/Apps/chat/types/models.ts","statementMap":{},"fnMap":{},"branchMap":{},"s":{},"f":{},"b":{}}
,"/Users/filipjovkovic/Apps/chat/utils/firebase.ts": {"path":"/Users/filipjovkovic/Apps/chat/utils/firebase.ts","statementMap":{"0":{"start":{"line":6,"column":23},"end":{"line":13,"column":1}},"1":{"start":{"line":16,"column":12},"end":{"line":16,"column":41}}},"fnMap":{},"branchMap":{},"s":{"0":0,"1":0},"f":{},"b":{}}
}
