TN:
SF:expo-env.d.ts
FNF:0
FNH:0
LF:0
LH:0
BRF:0
BRH:0
end_of_record
TN:
SF:.expo/types/router.d.ts
FNF:0
FNH:0
LF:0
LH:0
BRF:0
BRH:0
end_of_record
TN:
SF:app/_layout.tsx
FN:14,RootLayout
FN:15,(anonymous_1)
FN:17,(anonymous_2)
FN:18,(anonymous_3)
FN:60,(anonymous_4)
FNF:5
FNH:0
FNDA:0,RootLayout
FNDA:0,(anonymous_1)
FNDA:0,(anonymous_2)
FNDA:0,(anonymous_3)
FNDA:0,(anonymous_4)
DA:12,0
DA:15,0
DA:17,0
DA:18,0
DA:19,0
DA:22,0
DA:25,0
DA:60,0
LF:8
LH:0
BRDA:61,0,0,0
BRDA:61,0,1,0
BRF:2
BRH:0
end_of_record
TN:
SF:app/create-chat.tsx
FN:19,CreateChatScreen
FN:28,(anonymous_1)
FN:72,(anonymous_2)
FNF:3
FNH:3
FNDA:12,CreateChatScreen
FNDA:1,(anonymous_1)
FNDA:1,(anonymous_2)
DA:20,12
DA:21,12
DA:22,12
DA:25,12
DA:26,12
DA:28,12
DA:29,1
DA:31,1
DA:32,1
DA:33,1
DA:38,1
DA:43,1
DA:48,0
DA:49,0
DA:51,1
DA:55,12
DA:56,1
DA:64,11
DA:72,1
DA:111,1
LF:20
LH:18
BRDA:29,0,0,0
BRDA:29,0,1,1
BRDA:29,1,0,1
BRDA:29,1,1,1
BRDA:55,2,0,1
BRDA:55,2,1,11
BRDA:55,3,0,12
BRDA:55,3,1,11
BRDA:67,4,0,11
BRDA:67,4,1,0
BRDA:92,5,0,11
BRDA:92,5,1,5
BRDA:95,6,0,11
BRDA:95,6,1,5
BRDA:95,6,2,7
BRDA:98,7,0,11
BRDA:98,7,1,5
BRDA:100,8,0,1
BRDA:100,8,1,10
BRF:19
BRH:17
end_of_record
TN:
SF:app/index.tsx
FN:13,ChatRoomsScreen
FN:23,(anonymous_1)
FN:24,(anonymous_2)
FN:27,(anonymous_3)
FN:44,(anonymous_4)
FN:49,(anonymous_5)
FN:77,(anonymous_6)
FN:87,(anonymous_7)
FN:90,(anonymous_8)
FNF:9
FNH:1
FNDA:1,ChatRoomsScreen
FNDA:0,(anonymous_1)
FNDA:0,(anonymous_2)
FNDA:0,(anonymous_3)
FNDA:0,(anonymous_4)
FNDA:0,(anonymous_5)
FNDA:0,(anonymous_6)
FNDA:0,(anonymous_7)
FNDA:0,(anonymous_8)
DA:14,1
DA:15,1
DA:16,1
DA:17,1
DA:18,1
DA:23,1
DA:24,0
DA:27,1
DA:28,0
DA:29,0
DA:30,0
DA:35,0
DA:36,0
DA:38,0
DA:40,0
DA:44,1
DA:45,0
DA:46,0
DA:50,0
DA:65,1
DA:66,1
DA:74,0
DA:77,0
DA:87,0
DA:90,0
DA:98,1
LF:26
LH:11
BRDA:20,0,0,0
BRDA:20,0,1,1
BRDA:28,1,0,0
BRDA:28,1,1,0
BRDA:35,2,0,0
BRDA:35,2,1,0
BRDA:50,3,0,0
BRDA:50,3,1,0
BRDA:56,4,0,0
BRDA:56,4,1,0
BRDA:65,5,0,1
BRDA:65,5,1,0
BRDA:65,6,0,1
BRDA:65,6,1,0
BRDA:65,6,2,0
BRF:15
BRH:3
end_of_record
TN:
SF:app/scan-qr.tsx
FN:17,ScanQRScreen
FN:24,(anonymous_1)
FN:25,(anonymous_2)
FN:33,(anonymous_3)
FN:93,(anonymous_4)
FN:103,(anonymous_5)
FNF:6
FNH:0
FNDA:0,ScanQRScreen
FNDA:0,(anonymous_1)
FNDA:0,(anonymous_2)
FNDA:0,(anonymous_3)
FNDA:0,(anonymous_4)
FNDA:0,(anonymous_5)
DA:18,0
DA:19,0
DA:20,0
DA:21,0
DA:22,0
DA:24,0
DA:25,0
DA:26,0
DA:27,0
DA:30,0
DA:33,0
DA:34,0
DA:36,0
DA:38,0
DA:40,0
DA:41,0
DA:44,0
DA:48,0
DA:50,0
DA:52,0
DA:53,0
DA:56,0
DA:57,0
DA:58,0
DA:62,0
DA:63,0
DA:66,0
DA:67,0
DA:70,0
DA:93,0
DA:103,0
DA:112,0
LF:32
LH:0
BRDA:34,0,0,0
BRDA:34,0,1,0
BRDA:48,1,0,0
BRDA:48,1,1,0
BRDA:62,2,0,0
BRDA:62,2,1,0
BRDA:66,3,0,0
BRDA:66,3,1,0
BRDA:100,4,0,0
BRDA:100,4,1,0
BRF:10
BRH:0
end_of_record
TN:
SF:app/chat/[id].tsx
FN:24,ChatRoomScreen
FN:41,(anonymous_1)
FN:47,(anonymous_2)
FN:65,(anonymous_3)
FN:120,(anonymous_4)
FN:127,(anonymous_5)
FNF:6
FNH:4
FNDA:4,ChatRoomScreen
FNDA:3,(anonymous_1)
FNDA:0,(anonymous_2)
FNDA:2,(anonymous_3)
FNDA:4,(anonymous_4)
FNDA:0,(anonymous_5)
DA:25,4
DA:26,4
DA:27,3
DA:28,3
DA:31,3
DA:37,3
DA:38,3
DA:41,3
DA:42,3
DA:43,1
DA:47,3
DA:48,0
DA:50,0
DA:51,0
DA:58,0
DA:60,0
DA:61,0
DA:65,3
DA:66,2
DA:68,2
DA:98,3
DA:99,1
DA:107,2
DA:120,4
DA:128,0
DA:129,0
DA:167,1
LF:27
LH:19
BRDA:42,0,0,1
BRDA:42,0,1,2
BRDA:42,1,0,3
BRDA:42,1,1,2
BRDA:42,1,2,1
BRDA:48,2,0,0
BRDA:48,2,1,0
BRDA:48,3,0,0
BRDA:48,3,1,0
BRDA:66,4,0,2
BRDA:66,4,1,2
BRDA:71,5,0,1
BRDA:71,5,1,1
BRDA:75,6,0,1
BRDA:75,6,1,1
BRDA:77,7,0,2
BRDA:77,7,1,1
BRDA:82,8,0,1
BRDA:82,8,1,1
BRDA:98,9,0,1
BRDA:98,9,1,2
BRDA:98,10,0,3
BRDA:98,10,1,2
BRDA:110,11,0,2
BRDA:110,11,1,0
BRDA:111,12,0,2
BRDA:111,12,1,0
BRDA:115,13,0,2
BRDA:115,13,1,0
BRDA:128,14,0,0
BRDA:128,14,1,0
BRDA:128,15,0,0
BRDA:128,15,1,0
BRDA:150,16,0,2
BRDA:150,16,1,2
BRDA:158,17,0,0
BRDA:158,17,1,2
BRF:37
BRH:25
end_of_record
TN:
SF:components/Notifications.tsx
FN:8,(anonymous_0)
FN:15,App
FN:24,(anonymous_2)
FN:25,(anonymous_3)
FN:28,(anonymous_4)
FN:30,(anonymous_5)
FN:34,(anonymous_6)
FN:38,(anonymous_7)
FN:55,(anonymous_8)
FN:66,(anonymous_9)
FN:74,schedulePushNotification
FN:88,registerForPushNotificationsAsync
FNF:12
FNH:0
FNDA:0,(anonymous_0)
FNDA:0,App
FNDA:0,(anonymous_2)
FNDA:0,(anonymous_3)
FNDA:0,(anonymous_4)
FNDA:0,(anonymous_5)
FNDA:0,(anonymous_6)
FNDA:0,(anonymous_7)
FNDA:0,(anonymous_8)
FNDA:0,(anonymous_9)
FNDA:0,schedulePushNotification
FNDA:0,registerForPushNotificationsAsync
DA:7,0
DA:8,0
DA:16,0
DA:17,0
DA:18,0
DA:21,0
DA:22,0
DA:24,0
DA:25,0
DA:27,0
DA:28,0
DA:30,0
DA:31,0
DA:34,0
DA:35,0
DA:38,0
DA:39,0
DA:41,0
DA:46,0
DA:55,0
DA:67,0
DA:75,0
DA:91,0
DA:92,0
DA:100,0
DA:101,0
DA:102,0
DA:103,0
DA:104,0
DA:105,0
DA:107,0
DA:108,0
DA:109,0
DA:114,0
DA:116,0
DA:117,0
DA:118,0
DA:120,0
DA:125,0
DA:127,0
DA:130,0
DA:133,0
LF:42
LH:0
BRDA:25,0,0,0
BRDA:25,0,1,0
BRDA:27,1,0,0
BRDA:27,1,1,0
BRDA:28,2,0,0
BRDA:28,2,1,0
BRDA:39,3,0,0
BRDA:39,3,1,0
BRDA:41,4,0,0
BRDA:41,4,1,0
BRDA:60,5,0,0
BRDA:60,5,1,0
BRDA:61,6,0,0
BRDA:61,6,1,0
BRDA:62,7,0,0
BRDA:62,7,1,0
BRDA:91,8,0,0
BRDA:91,8,1,0
BRDA:100,9,0,0
BRDA:100,9,1,0
BRDA:103,10,0,0
BRDA:103,10,1,0
BRDA:107,11,0,0
BRDA:107,11,1,0
BRDA:116,12,0,0
BRDA:116,12,1,0
BRDA:117,13,0,0
BRDA:117,13,1,0
BRF:28
BRH:0
end_of_record
TN:
SF:components/ShareQrCode.tsx
FN:13,ShareQRCode
FN:23,(anonymous_1)
FN:34,(anonymous_2)
FN:43,(anonymous_3)
FN:52,(anonymous_4)
FN:81,(anonymous_5)
FNF:6
FNH:0
FNDA:0,ShareQRCode
FNDA:0,(anonymous_1)
FNDA:0,(anonymous_2)
FNDA:0,(anonymous_3)
FNDA:0,(anonymous_4)
FNDA:0,(anonymous_5)
DA:14,0
DA:17,0
DA:18,0
DA:19,0
DA:23,0
DA:24,0
DA:25,0
DA:30,0
DA:34,0
DA:35,0
DA:36,0
DA:39,0
DA:43,0
DA:52,0
DA:81,0
DA:92,0
LF:16
LH:0
BRDA:19,0,0,0
BRDA:19,0,1,0
BRF:2
BRH:0
end_of_record
TN:
SF:context/UserContext.tsx
FN:15,(anonymous_0)
FN:18,(anonymous_1)
FN:20,(anonymous_2)
FN:24,(anonymous_3)
FN:25,(anonymous_4)
FN:62,(anonymous_5)
FNF:6
FNH:0
FNDA:0,(anonymous_0)
FNDA:0,(anonymous_1)
FNDA:0,(anonymous_2)
FNDA:0,(anonymous_3)
FNDA:0,(anonymous_4)
FNDA:0,(anonymous_5)
DA:12,0
DA:18,0
DA:20,0
DA:21,0
DA:22,0
DA:24,0
DA:25,0
DA:26,0
DA:28,0
DA:29,0
DA:32,0
DA:33,0
DA:34,0
DA:38,0
DA:39,0
DA:40,0
DA:43,0
DA:48,0
DA:50,0
DA:55,0
DA:59,0
DA:62,0
DA:63,0
DA:65,0
DA:66,0
DA:67,0
DA:72,0
DA:73,0
DA:77,0
LF:29
LH:0
BRDA:32,0,0,0
BRDA:32,0,1,0
BRDA:33,1,0,0
BRDA:33,1,1,0
BRDA:38,2,0,0
BRDA:38,2,1,0
BRDA:63,3,0,0
BRDA:63,3,1,0
BRF:8
BRH:0
end_of_record
TN:
SF:convex/chatRooms.ts
FN:11,(anonymous_0)
FN:34,(anonymous_1)
FN:50,(anonymous_2)
FN:57,(anonymous_3)
FN:69,(anonymous_4)
FN:72,(anonymous_5)
FN:87,(anonymous_6)
FN:90,(anonymous_7)
FNF:8
FNH:0
FNDA:0,(anonymous_0)
FNDA:0,(anonymous_1)
FNDA:0,(anonymous_2)
FNDA:0,(anonymous_3)
FNDA:0,(anonymous_4)
FNDA:0,(anonymous_5)
FNDA:0,(anonymous_6)
FNDA:0,(anonymous_7)
DA:6,0
DA:12,0
DA:20,0
DA:22,0
DA:30,0
DA:35,0
DA:36,0
DA:37,0
DA:39,0
DA:46,0
DA:51,0
DA:52,0
DA:56,0
DA:58,0
DA:59,0
DA:65,0
DA:70,0
DA:72,0
DA:76,0
DA:82,0
DA:88,0
DA:91,0
DA:98,0
DA:99,0
DA:102,0
DA:108,0
LF:26
LH:0
BRDA:98,0,0,0
BRDA:98,0,1,0
BRF:2
BRH:0
end_of_record
TN:
SF:convex/convex.config.ts
FNF:0
FNH:0
DA:4,0
DA:5,0
LF:2
LH:0
BRF:0
BRH:0
end_of_record
TN:
SF:convex/example.ts
FN:12,(anonymous_0)
FN:16,(anonymous_1)
FN:42,(anonymous_2)
FN:62,(anonymous_3)
FN:63,(anonymous_4)
FN:71,(anonymous_5)
FN:127,(anonymous_6)
FN:170,(anonymous_7)
FN:209,(anonymous_8)
FN:217,(anonymous_9)
FNF:10
FNH:0
FNDA:0,(anonymous_0)
FNDA:0,(anonymous_1)
FNDA:0,(anonymous_2)
FNDA:0,(anonymous_3)
FNDA:0,(anonymous_4)
FNDA:0,(anonymous_5)
FNDA:0,(anonymous_6)
FNDA:0,(anonymous_7)
FNDA:0,(anonymous_8)
FNDA:0,(anonymous_9)
DA:6,0
DA:14,0
DA:16,0
DA:19,0
DA:21,0
DA:26,0
DA:35,0
DA:44,0
DA:52,0
DA:54,0
DA:55,0
DA:56,0
DA:60,0
DA:62,0
DA:63,0
DA:67,0
DA:69,0
DA:71,0
DA:74,0
DA:75,0
DA:77,0
DA:90,0
DA:92,0
DA:95,0
DA:96,0
DA:112,0
DA:115,0
DA:120,0
DA:128,0
DA:130,0
DA:146,0
DA:147,0
DA:148,0
DA:151,0
DA:152,0
DA:153,0
DA:155,0
DA:156,0
DA:162,0
DA:172,0
DA:173,0
DA:176,0
DA:177,0
DA:178,0
DA:181,0
DA:183,0
DA:196,0
DA:198,0
DA:199,0
DA:205,0
DA:210,0
DA:211,0
DA:212,0
DA:215,0
DA:217,0
DA:220,0
DA:221,0
DA:225,0
DA:231,0
DA:233,0
LF:60
LH:0
BRDA:19,0,0,0
BRDA:19,0,1,0
BRDA:55,1,0,0
BRDA:55,1,1,0
BRDA:74,2,0,0
BRDA:74,2,1,0
BRDA:80,3,0,0
BRDA:80,3,1,0
BRDA:95,4,0,0
BRDA:95,4,1,0
BRDA:98,5,0,0
BRDA:98,5,1,0
BRDA:140,6,0,0
BRDA:140,6,1,0
BRDA:146,7,0,0
BRDA:146,7,1,0
BRDA:173,8,0,0
BRDA:173,8,1,0
BRDA:177,9,0,0
BRDA:177,9,1,0
BRDA:211,10,0,0
BRDA:211,10,1,0
BRDA:220,11,0,0
BRDA:220,11,1,0
BRF:24
BRH:0
end_of_record
TN:
SF:convex/messages.ts
FN:18,(anonymous_0)
FN:45,(anonymous_1)
FN:56,(anonymous_2)
FN:62,(anonymous_3)
FN:90,(anonymous_4)
FN:95,(anonymous_5)
FN:109,(anonymous_6)
FN:114,(anonymous_7)
FNF:8
FNH:0
FNDA:0,(anonymous_0)
FNDA:0,(anonymous_1)
FNDA:0,(anonymous_2)
FNDA:0,(anonymous_3)
FNDA:0,(anonymous_4)
FNDA:0,(anonymous_5)
FNDA:0,(anonymous_6)
FNDA:0,(anonymous_7)
DA:8,0
DA:11,0
DA:20,0
DA:21,0
DA:22,0
DA:26,0
DA:34,0
DA:38,0
DA:46,0
DA:55,0
DA:56,0
DA:59,0
DA:60,0
DA:61,0
DA:62,0
DA:65,0
DA:66,0
DA:77,0
DA:85,0
DA:91,0
DA:93,0
DA:95,0
DA:99,0
DA:104,0
DA:110,0
DA:112,0
DA:114,0
DA:118,0
LF:28
LH:0
BRDA:21,0,0,0
BRDA:21,0,1,0
BRDA:60,1,0,0
BRDA:60,1,1,0
BRDA:65,2,0,0
BRDA:65,2,1,0
BRDA:91,3,0,0
BRDA:91,3,1,0
BRDA:110,4,0,0
BRDA:110,4,1,0
BRF:10
BRH:0
end_of_record
TN:
SF:convex/react.ts
FNF:0
FNH:0
DA:4,0
DA:6,0
DA:7,0
DA:10,0
LF:4
LH:0
BRDA:6,0,0,0
BRDA:6,0,1,0
BRF:2
BRH:0
end_of_record
TN:
SF:convex/schema.ts
FNF:0
FNH:0
LF:0
LH:0
BRF:0
BRH:0
end_of_record
TN:
SF:convex/_generated/api.d.ts
FNF:0
FNH:0
LF:0
LH:0
BRF:0
BRH:0
end_of_record
TN:
SF:convex/_generated/dataModel.d.ts
FNF:0
FNH:0
LF:0
LH:0
BRF:0
BRH:0
end_of_record
TN:
SF:convex/_generated/server.d.ts
FNF:0
FNH:0
LF:0
LH:0
BRF:0
BRH:0
end_of_record
TN:
SF:convex/functions/push.ts
FN:6,(anonymous_0)
FN:14,(anonymous_1)
FNF:2
FNH:0
FNDA:0,(anonymous_0)
FNDA:0,(anonymous_1)
DA:4,0
DA:7,0
DA:8,0
DA:9,0
DA:12,0
DA:14,0
DA:17,0
DA:18,0
DA:21,0
DA:26,0
LF:10
LH:0
BRDA:8,0,0,0
BRDA:8,0,1,0
BRDA:17,1,0,0
BRDA:17,1,1,0
BRF:4
BRH:0
end_of_record
TN:
SF:hooks/useNotifications.tsx
FN:11,(anonymous_0)
FN:29,useNotifications
FN:37,(anonymous_2)
FN:88,(anonymous_3)
FN:90,(anonymous_4)
FN:98,(anonymous_5)
FN:106,(anonymous_6)
FN:112,(anonymous_7)
FN:126,(anonymous_8)
FN:144,(anonymous_9)
FNF:10
FNH:0
FNDA:0,(anonymous_0)
FNDA:0,useNotifications
FNDA:0,(anonymous_2)
FNDA:0,(anonymous_3)
FNDA:0,(anonymous_4)
FNDA:0,(anonymous_5)
FNDA:0,(anonymous_6)
FNDA:0,(anonymous_7)
FNDA:0,(anonymous_8)
FNDA:0,(anonymous_9)
DA:10,1
DA:11,0
DA:30,0
DA:31,0
DA:32,0
DA:33,0
DA:34,0
DA:37,0
DA:38,0
DA:40,0
DA:41,0
DA:50,0
DA:51,0
DA:52,0
DA:54,0
DA:55,0
DA:56,0
DA:59,0
DA:60,0
DA:61,0
DA:64,0
DA:66,0
DA:68,0
DA:69,0
DA:72,0
DA:76,0
DA:78,0
DA:79,0
DA:82,0
DA:85,0
DA:88,0
DA:90,0
DA:91,0
DA:92,0
DA:95,0
DA:96,0
DA:99,0
DA:106,0
DA:107,0
DA:108,0
DA:112,0
DA:113,0
DA:114,0
DA:117,0
DA:118,0
DA:126,0
DA:127,0
DA:128,0
DA:130,0
DA:131,0
DA:136,0
DA:144,1
DA:145,0
LF:53
LH:2
BRDA:40,0,0,0
BRDA:40,0,1,0
BRDA:50,1,0,0
BRDA:50,1,1,0
BRDA:54,2,0,0
BRDA:54,2,1,0
BRDA:59,3,0,0
BRDA:59,3,1,0
BRDA:66,4,0,0
BRDA:66,4,1,0
BRDA:68,5,0,0
BRDA:68,5,1,0
BRDA:91,6,0,0
BRDA:91,6,1,0
BRDA:95,7,0,0
BRDA:95,7,1,0
BRDA:117,8,0,0
BRDA:117,8,1,0
BRDA:117,9,0,0
BRDA:117,9,1,0
BRDA:117,9,2,0
BRDA:127,10,0,0
BRDA:127,10,1,0
BRDA:130,11,0,0
BRDA:130,11,1,0
BRDA:144,12,0,0
BRF:26
BRH:0
end_of_record
TN:
SF:types/models.ts
FNF:0
FNH:0
LF:0
LH:0
BRF:0
BRH:0
end_of_record
TN:
SF:utils/firebase.ts
FNF:0
FNH:0
DA:6,0
DA:16,0
LF:2
LH:0
BRF:0
BRH:0
end_of_record
